SDPA start at [Sat Oct 27 18:48:48 2018]
param  is tmp/sdpa_dat/param.sdpa 
data   is tmp/sdpa_dat/sdp.dat-s  : sparse
out    is tmp/sdpa_dat/sdpa.out
NumThreads  is set as 1
Schur computation : DENSE 
   mu      thetaP  thetaD  objP      objD      alphaP  alphaD  beta 
 0 1.0e+04 1.0e+00 1.0e+00 -0.00e+00 +4.81e+03 6.0e-01 5.9e-01 2.00e-01
 1 5.0e+03 4.0e-01 4.1e-01 +2.57e+02 -3.18e+03 5.8e-01 5.8e-01 2.00e-01
 2 2.6e+03 1.7e-01 1.7e-01 +6.72e+02 -6.61e+03 6.0e-01 5.9e-01 2.00e-01
 3 1.3e+03 6.8e-02 7.0e-02 +1.14e+03 -8.36e+03 6.5e-01 6.4e-01 2.00e-01
 4 6.2e+02 2.4e-02 2.5e-02 +1.54e+03 -9.13e+03 8.1e-01 7.9e-01 2.00e-01
 5 2.2e+02 4.6e-03 5.2e-03 +1.60e+03 -7.97e+03 9.2e-01 8.4e-01 2.00e-01
 6 6.9e+01 3.6e-04 8.3e-04 +7.90e+02 -3.66e+03 6.3e-01 7.0e-01 2.00e-01
 7 3.0e+01 1.3e-04 2.4e-04 +4.05e+02 -1.59e+03 6.1e-01 7.7e-01 2.00e-01
 8 1.2e+01 5.1e-05 5.7e-05 +2.14e+02 -6.01e+02 5.9e-01 8.4e-01 2.00e-01
 9 4.2e+00 2.1e-05 9.0e-06 +1.32e+02 -1.65e+02 5.8e-01 8.4e-01 2.00e-01
10 1.5e+00 9.0e-06 1.5e-06 +1.00e+02 -8.56e+00 6.3e-01 7.8e-01 2.00e-01
11 6.0e-01 3.3e-06 3.3e-07 +8.90e+01 +4.70e+01 6.9e-01 7.6e-01 2.00e-01
12 2.3e-01 1.0e-06 7.8e-08 +8.57e+01 +6.94e+01 7.4e-01 8.1e-01 2.00e-01
13 8.0e-02 2.7e-07 1.5e-08 +8.46e+01 +7.90e+01 7.6e-01 8.1e-01 2.00e-01
14 2.8e-02 6.4e-08 2.8e-09 +8.43e+01 +8.23e+01 7.6e-01 7.9e-01 2.00e-01
15 1.0e-02 1.5e-08 6.0e-10 +8.42e+01 +8.35e+01 7.6e-01 7.8e-01 2.00e-01
16 3.7e-03 3.8e-09 1.3e-10 +8.41e+01 +8.39e+01 7.8e-01 8.0e-01 2.00e-01
17 1.3e-03 8.2e-10 2.6e-11 +8.41e+01 +8.40e+01 8.5e-01 8.7e-01 2.00e-01
18 3.8e-04 1.2e-10 3.6e-12 +8.41e+01 +8.41e+01 9.3e-01 9.4e-01 1.00e-01
19 5.9e-05 1.2e-10 1.2e-12 +8.41e+01 +8.41e+01 1.0e+00 9.8e-01 1.00e-01
20 6.8e-06 1.2e-10 1.8e-13 +8.41e+01 +8.41e+01 1.1e+00 9.9e-01 1.00e-01
21 7.3e-07 1.2e-10 2.0e-14 +8.41e+01 +8.41e+01 1.1e+00 1.0e+00 1.00e-01
22 7.5e-08 1.2e-10 2.1e-15 +8.41e+01 +8.41e+01 1.1e+00 1.0e+00 1.00e-01

phase.value  = pdOPT     
   Iteration = 22
          mu = +7.4799366076185318e-08
relative gap = +5.7484899967642888e-08
        gap  = +4.8364421445512562e-06
     digits  = +7.2404462200400657e+00
objValPrimal = +8.4134134116694824e+01
objValDual   = +8.4134129280252679e+01
p.feas.error = +2.2610600161783896e-08
d.feas.error = +6.2318564293726274e-13
total time   = 0.084788
** Parameters **
maxIteration = 100
epsilonStar  = +9.9999999999999995e-08
lambdaStar   = +1.0000000000000000e+02
omegaStar    = +2.0000000000000000e+00
lowerBound   = -1.0000000000000000e+05
upperBound   = +1.0000000000000000e+05
betaStar     = +1.0000000000000001e-01
betaBar      = +2.0000000000000001e-01
gammaStar    = +9.0000000000000002e-01
epsilonDash  = +9.9999999999999995e-08
xPrint       = %+14.9e 
XPrint       = %+14.9e 
YPrint       = %+14.9e 
infPrint     = %+10.16e 

                         Time(sec)  Ratio(% : MainLoop) 
 Predictor time  =       0.064885,  79.440969
 Corrector time  =       0.004041,  4.947537
 Make bMat time  =       0.059430,  72.762222
 Make bDia time  =       0.000003,  0.003673
 Make bF1  time  =       0.000000,  0.000000
 Make bF2  time  =       0.000000,  0.000000
 Make bF3  time  =       0.000000,  0.000000
 Make bPRE time  =       0.001356,  1.660198
 Make rMat time  =       0.001596,  1.954038
 Make gVec Mul   =       0.001480,  1.812016
 Make gVec time  =       0.001862,  2.279712
 Cholesky bMat   =       0.001349,  1.651628
 Ste Pre time    =       0.000013,  0.015916
 Ste Cor time    =       0.006550,  8.019393
 solve           =       0.000344,  0.421171
 sumDz           =       0.000932,  1.141080
 makedX          =       0.002955,  3.617910
 symmetriseDx    =       0.000173,  0.211810
 makedXdZ        =       0.004068,  4.980594
 xMatTime        =       0.001477,  1.808343
 zMatTime        =       0.001825,  2.234411
 invzMatTime     =       0.000000,  0.000000
 xMatzMatTime    =       0.000000,  0.000000
 EigxMatTime     =       0.003571,  4.372100
 EigzMatTime     =       0.002721,  3.331415
 EigxMatzMatTime =       0.000000,  0.000000
 updateRes       =       0.000896,  1.097004
 EigTime         =       0.006292,  7.703515
 sub_total_bMat  =       0.022247,  27.237778
 Main Loop       =       0.081677,  100.000000
 File Check      =       0.000000,  0.000000
 File Change     =       0.000008,  0.009795
 File Read       =       0.003103,  3.799111
 Total           =       0.084788,  103.808906

xVec = 
{+8.413413412e+01,+3.692380010e+05,-0.000000000e+00,-0.000000000e+00,+3.692380010e+05,-0.000000000e+00,+3.563850250e-02,-0.000000000e+00,-0.000000000e+00,-0.000000000e+00,+3.692380010e+05,+1.120937955e+04,-3.009010304e-01,+5.857334964e-01,+1.120937968e+04,-1.575147075e-01,+5.479847117e-01,+3.095069450e+00,-3.824854388e-03,-6.368795297e+04,+3.618650574e+05,+5.909833684e-01,+3.984243248e-01,-2.805392892e-01,+1.754128934e+00,+6.940894533e-02,+1.358936656e+00,+3.241865049e+00,-1.789023395e-02,+8.014943636e-01,+8.123150899e+00,+1.183958118e-01,-1.204906108e-02,+4.930861074e-02,+6.800555086e-02,+1.264855415e-02,+1.485029254e-01,+2.515647327e-03,-1.715045150e-01,+5.329673535e-02,+2.074906812e+00,+7.761351588e-02,+1.584760447e-03,+1.326810985e-02,+1.234522178e-01,+3.168792233e-03,+8.108218317e-02,-9.913571602e-04,+4.530064372e-02,-7.470709405e-02,+2.064133940e+00,+9.252236920e-02,+1.941699127e-04,+7.653836098e-03,+8.308300976e-02,+4.207572609e-03,+1.068416652e-02,-1.631184705e-03,+2.476414231e-03,-1.420364884e-01,+2.023742722e+00}
xMat = 
{
{ {+4.869155445e-08,-1.662515092e-06,+7.533706295e-07,-4.652967574e-07,-1.881422619e-07,-8.114127988e-07,+9.149825731e-07,-2.811560183e-07,+1.469454827e-07,+5.175710559e-07,+1.339166232e-06,-2.729764480e-07,+1.693935981e-06,-7.792368978e-07,+8.670762398e-07,+7.430469929e-07,-3.483535193e-07,-1.782334998e-07,-8.152590934e-08,+6.494745424e-07,-5.929409505e-07,+4.519916416e-08,+1.923203382e-07,-4.120092623e-08,+3.192340055e-08,+2.387017197e-08,-1.988086350e-08,+5.004249528e-07,+1.997739476e-07,-6.741599378e-09,-1.533626098e-08,-2.082552837e-08,+1.293080823e-08,+1.609483560e-09,-6.379078594e-08,-1.500780105e-08,+1.617721631e-08 },
  {-1.662515092e-06,+1.000000012e+00,+0.000000000e+00,+0.000000000e+00,+0.000000000e+00,+0.000000000e+00,+0.000000000e+00,+0.000000000e+00,+0.000000000e+00,+0.000000000e+00,+0.000000000e+00,+0.000000000e+00,+0.000000000e+00,+0.000000000e+00,+0.000000000e+00,+0.000000000e+00,+0.000000000e+00,+0.000000000e+00,+0.000000000e+00,+0.000000000e+00,+0.000000000e+00,+0.000000000e+00,+0.000000000e+00,+0.000000000e+00,+0.000000000e+00,+0.000000000e+00,+0.000000000e+00,+0.000000000e+00,+0.000000000e+00,+0.000000000e+00,+0.000000000e+00,+0.000000000e+00,+0.000000000e+00,+0.000000000e+00,+0.000000000e+00,+0.000000000e+00,+0.000000000e+00 },
  {+7.533706295e-07,+0.000000000e+00,+1.000000012e+00,+0.000000000e+00,+0.000000000e+00,+0.000000000e+00,+0.000000000e+00,+0.000000000e+00,+0.000000000e+00,+0.000000000e+00,+0.000000000e+00,+0.000000000e+00,+0.000000000e+00,+0.000000000e+00,+0.000000000e+00,+0.000000000e+00,+0.000000000e+00,+0.000000000e+00,+0.000000000e+00,+0.000000000e+00,+0.000000000e+00,+0.000000000e+00,+0.000000000e+00,+0.000000000e+00,+0.000000000e+00,+0.000000000e+00,+0.000000000e+00,+0.000000000e+00,+0.000000000e+00,+0.000000000e+00,+0.000000000e+00,+0.000000000e+00,+0.000000000e+00,+0.000000000e+00,+0.000000000e+00,+0.000000000e+00,+0.000000000e+00 },
  {-4.652967574e-07,+0.000000000e+00,+0.000000000e+00,+1.000000012e+00,+0.000000000e+00,+0.000000000e+00,+0.000000000e+00,+0.000000000e+00,+0.000000000e+00,+0.000000000e+00,+0.000000000e+00,+0.000000000e+00,+0.000000000e+00,+0.000000000e+00,+0.000000000e+00,+0.000000000e+00,+0.000000000e+00,+0.000000000e+00,+0.000000000e+00,+0.000000000e+00,+0.000000000e+00,+0.000000000e+00,+0.000000000e+00,+0.000000000e+00,+0.000000000e+00,+0.000000000e+00,+0.000000000e+00,+0.000000000e+00,+0.000000000e+00,+0.000000000e+00,+0.000000000e+00,+0.000000000e+00,+0.000000000e+00,+0.000000000e+00,+0.000000000e+00,+0.000000000e+00,+0.000000000e+00 },
  {-1.881422619e-07,+0.000000000e+00,+0.000000000e+00,+0.000000000e+00,+1.000000012e+00,+0.000000000e+00,+0.000000000e+00,+0.000000000e+00,+0.000000000e+00,+0.000000000e+00,+0.000000000e+00,+0.000000000e+00,+0.000000000e+00,+0.000000000e+00,+0.000000000e+00,+0.000000000e+00,+0.000000000e+00,+0.000000000e+00,+0.000000000e+00,+0.000000000e+00,+0.000000000e+00,+0.000000000e+00,+0.000000000e+00,+0.000000000e+00,+0.000000000e+00,+0.000000000e+00,+0.000000000e+00,+0.000000000e+00,+0.000000000e+00,+0.000000000e+00,+0.000000000e+00,+0.000000000e+00,+0.000000000e+00,+0.000000000e+00,+0.000000000e+00,+0.000000000e+00,+0.000000000e+00 },
  {-8.114127988e-07,+0.000000000e+00,+0.000000000e+00,+0.000000000e+00,+0.000000000e+00,+1.000000012e+00,+0.000000000e+00,+0.000000000e+00,+0.000000000e+00,+0.000000000e+00,+0.000000000e+00,+0.000000000e+00,+0.000000000e+00,+0.000000000e+00,+0.000000000e+00,+0.000000000e+00,+0.000000000e+00,+0.000000000e+00,+0.000000000e+00,+0.000000000e+00,+0.000000000e+00,+0.000000000e+00,+0.000000000e+00,+0.000000000e+00,+0.000000000e+00,+0.000000000e+00,+0.000000000e+00,+0.000000000e+00,+0.000000000e+00,+0.000000000e+00,+0.000000000e+00,+0.000000000e+00,+0.000000000e+00,+0.000000000e+00,+0.000000000e+00,+0.000000000e+00,+0.000000000e+00 },
  {+9.149825731e-07,+0.000000000e+00,+0.000000000e+00,+0.000000000e+00,+0.000000000e+00,+0.000000000e+00,+1.000000012e+00,+0.000000000e+00,+0.000000000e+00,+0.000000000e+00,+0.000000000e+00,+0.000000000e+00,+0.000000000e+00,+0.000000000e+00,+0.000000000e+00,+0.000000000e+00,+0.000000000e+00,+0.000000000e+00,+0.000000000e+00,+0.000000000e+00,+0.000000000e+00,+0.000000000e+00,+0.000000000e+00,+0.000000000e+00,+0.000000000e+00,+0.000000000e+00,+0.000000000e+00,+0.000000000e+00,+0.000000000e+00,+0.000000000e+00,+0.000000000e+00,+0.000000000e+00,+0.000000000e+00,+0.000000000e+00,+0.000000000e+00,+0.000000000e+00,+0.000000000e+00 },
  {-2.811560183e-07,+0.000000000e+00,+0.000000000e+00,+0.000000000e+00,+0.000000000e+00,+0.000000000e+00,+0.000000000e+00,+1.000000012e+00,+0.000000000e+00,+0.000000000e+00,+0.000000000e+00,+0.000000000e+00,+0.000000000e+00,+0.000000000e+00,+0.000000000e+00,+0.000000000e+00,+0.000000000e+00,+0.000000000e+00,+0.000000000e+00,+0.000000000e+00,+0.000000000e+00,+0.000000000e+00,+0.000000000e+00,+0.000000000e+00,+0.000000000e+00,+0.000000000e+00,+0.000000000e+00,+0.000000000e+00,+0.000000000e+00,+0.000000000e+00,+0.000000000e+00,+0.000000000e+00,+0.000000000e+00,+0.000000000e+00,+0.000000000e+00,+0.000000000e+00,+0.000000000e+00 },
  {+1.469454827e-07,+0.000000000e+00,+0.000000000e+00,+0.000000000e+00,+0.000000000e+00,+0.000000000e+00,+0.000000000e+00,+0.000000000e+00,+1.000000012e+00,+0.000000000e+00,+0.000000000e+00,+0.000000000e+00,+0.000000000e+00,+0.000000000e+00,+0.000000000e+00,+0.000000000e+00,+0.000000000e+00,+0.000000000e+00,+0.000000000e+00,+0.000000000e+00,+0.000000000e+00,+0.000000000e+00,+0.000000000e+00,+0.000000000e+00,+0.000000000e+00,+0.000000000e+00,+0.000000000e+00,+0.000000000e+00,+0.000000000e+00,+0.000000000e+00,+0.000000000e+00,+0.000000000e+00,+0.000000000e+00,+0.000000000e+00,+0.000000000e+00,+0.000000000e+00,+0.000000000e+00 },
  {+5.175710559e-07,+0.000000000e+00,+0.000000000e+00,+0.000000000e+00,+0.000000000e+00,+0.000000000e+00,+0.000000000e+00,+0.000000000e+00,+0.000000000e+00,+1.000000012e+00,+0.000000000e+00,+0.000000000e+00,+0.000000000e+00,+0.000000000e+00,+0.000000000e+00,+0.000000000e+00,+0.000000000e+00,+0.000000000e+00,+0.000000000e+00,+0.000000000e+00,+0.000000000e+00,+0.000000000e+00,+0.000000000e+00,+0.000000000e+00,+0.000000000e+00,+0.000000000e+00,+0.000000000e+00,+0.000000000e+00,+0.000000000e+00,+0.000000000e+00,+0.000000000e+00,+0.000000000e+00,+0.000000000e+00,+0.000000000e+00,+0.000000000e+00,+0.000000000e+00,+0.000000000e+00 },
  {+1.339166232e-06,+0.000000000e+00,+0.000000000e+00,+0.000000000e+00,+0.000000000e+00,+0.000000000e+00,+0.000000000e+00,+0.000000000e+00,+0.000000000e+00,+0.000000000e+00,+1.000000012e+00,+0.000000000e+00,+0.000000000e+00,+0.000000000e+00,+0.000000000e+00,+0.000000000e+00,+0.000000000e+00,+0.000000000e+00,+0.000000000e+00,+0.000000000e+00,+0.000000000e+00,+0.000000000e+00,+0.000000000e+00,+0.000000000e+00,+0.000000000e+00,+0.000000000e+00,+0.000000000e+00,+0.000000000e+00,+0.000000000e+00,+0.000000000e+00,+0.000000000e+00,+0.000000000e+00,+0.000000000e+00,+0.000000000e+00,+0.000000000e+00,+0.000000000e+00,+0.000000000e+00 },
  {-2.729764480e-07,+0.000000000e+00,+0.000000000e+00,+0.000000000e+00,+0.000000000e+00,+0.000000000e+00,+0.000000000e+00,+0.000000000e+00,+0.000000000e+00,+0.000000000e+00,+0.000000000e+00,+1.000000012e+00,+0.000000000e+00,+0.000000000e+00,+0.000000000e+00,+0.000000000e+00,+0.000000000e+00,+0.000000000e+00,+0.000000000e+00,+0.000000000e+00,+0.000000000e+00,+0.000000000e+00,+0.000000000e+00,+0.000000000e+00,+0.000000000e+00,+0.000000000e+00,+0.000000000e+00,+0.000000000e+00,+0.000000000e+00,+0.000000000e+00,+0.000000000e+00,+0.000000000e+00,+0.000000000e+00,+0.000000000e+00,+0.000000000e+00,+0.000000000e+00,+0.000000000e+00 },
  {+1.693935981e-06,+0.000000000e+00,+0.000000000e+00,+0.000000000e+00,+0.000000000e+00,+0.000000000e+00,+0.000000000e+00,+0.000000000e+00,+0.000000000e+00,+0.000000000e+00,+0.000000000e+00,+0.000000000e+00,+1.000000012e+00,+0.000000000e+00,+0.000000000e+00,+0.000000000e+00,+0.000000000e+00,+0.000000000e+00,+0.000000000e+00,+0.000000000e+00,+0.000000000e+00,+0.000000000e+00,+0.000000000e+00,+0.000000000e+00,+0.000000000e+00,+0.000000000e+00,+0.000000000e+00,+0.000000000e+00,+0.000000000e+00,+0.000000000e+00,+0.000000000e+00,+0.000000000e+00,+0.000000000e+00,+0.000000000e+00,+0.000000000e+00,+0.000000000e+00,+0.000000000e+00 },
  {-7.792368978e-07,+0.000000000e+00,+0.000000000e+00,+0.000000000e+00,+0.000000000e+00,+0.000000000e+00,+0.000000000e+00,+0.000000000e+00,+0.000000000e+00,+0.000000000e+00,+0.000000000e+00,+0.000000000e+00,+0.000000000e+00,+1.000000012e+00,+0.000000000e+00,+0.000000000e+00,+0.000000000e+00,+0.000000000e+00,+0.000000000e+00,+0.000000000e+00,+0.000000000e+00,+0.000000000e+00,+0.000000000e+00,+0.000000000e+00,+0.000000000e+00,+0.000000000e+00,+0.000000000e+00,+0.000000000e+00,+0.000000000e+00,+0.000000000e+00,+0.000000000e+00,+0.000000000e+00,+0.000000000e+00,+0.000000000e+00,+0.000000000e+00,+0.000000000e+00,+0.000000000e+00 },
  {+8.670762398e-07,+0.000000000e+00,+0.000000000e+00,+0.000000000e+00,+0.000000000e+00,+0.000000000e+00,+0.000000000e+00,+0.000000000e+00,+0.000000000e+00,+0.000000000e+00,+0.000000000e+00,+0.000000000e+00,+0.000000000e+00,+0.000000000e+00,+1.000000012e+00,+0.000000000e+00,+0.000000000e+00,+0.000000000e+00,+0.000000000e+00,+0.000000000e+00,+0.000000000e+00,+0.000000000e+00,+0.000000000e+00,+0.000000000e+00,+0.000000000e+00,+0.000000000e+00,+0.000000000e+00,+0.000000000e+00,+0.000000000e+00,+0.000000000e+00,+0.000000000e+00,+0.000000000e+00,+0.000000000e+00,+0.000000000e+00,+0.000000000e+00,+0.000000000e+00,+0.000000000e+00 },
  {+7.430469929e-07,+0.000000000e+00,+0.000000000e+00,+0.000000000e+00,+0.000000000e+00,+0.000000000e+00,+0.000000000e+00,+0.000000000e+00,+0.000000000e+00,+0.000000000e+00,+0.000000000e+00,+0.000000000e+00,+0.000000000e+00,+0.000000000e+00,+0.000000000e+00,+1.000000012e+00,+0.000000000e+00,+0.000000000e+00,+0.000000000e+00,+0.000000000e+00,+0.000000000e+00,+0.000000000e+00,+0.000000000e+00,+0.000000000e+00,+0.000000000e+00,+0.000000000e+00,+0.000000000e+00,+0.000000000e+00,+0.000000000e+00,+0.000000000e+00,+0.000000000e+00,+0.000000000e+00,+0.000000000e+00,+0.000000000e+00,+0.000000000e+00,+0.000000000e+00,+0.000000000e+00 },
  {-3.483535193e-07,+0.000000000e+00,+0.000000000e+00,+0.000000000e+00,+0.000000000e+00,+0.000000000e+00,+0.000000000e+00,+0.000000000e+00,+0.000000000e+00,+0.000000000e+00,+0.000000000e+00,+0.000000000e+00,+0.000000000e+00,+0.000000000e+00,+0.000000000e+00,+0.000000000e+00,+1.000000012e+00,+0.000000000e+00,+0.000000000e+00,+0.000000000e+00,+0.000000000e+00,+0.000000000e+00,+0.000000000e+00,+0.000000000e+00,+0.000000000e+00,+0.000000000e+00,+0.000000000e+00,+0.000000000e+00,+0.000000000e+00,+0.000000000e+00,+0.000000000e+00,+0.000000000e+00,+0.000000000e+00,+0.000000000e+00,+0.000000000e+00,+0.000000000e+00,+0.000000000e+00 },
  {-1.782334998e-07,+0.000000000e+00,+0.000000000e+00,+0.000000000e+00,+0.000000000e+00,+0.000000000e+00,+0.000000000e+00,+0.000000000e+00,+0.000000000e+00,+0.000000000e+00,+0.000000000e+00,+0.000000000e+00,+0.000000000e+00,+0.000000000e+00,+0.000000000e+00,+0.000000000e+00,+0.000000000e+00,+1.000000012e+00,+0.000000000e+00,+0.000000000e+00,+0.000000000e+00,+0.000000000e+00,+0.000000000e+00,+0.000000000e+00,+0.000000000e+00,+0.000000000e+00,+0.000000000e+00,+0.000000000e+00,+0.000000000e+00,+0.000000000e+00,+0.000000000e+00,+0.000000000e+00,+0.000000000e+00,+0.000000000e+00,+0.000000000e+00,+0.000000000e+00,+0.000000000e+00 },
  {-8.152590934e-08,+0.000000000e+00,+0.000000000e+00,+0.000000000e+00,+0.000000000e+00,+0.000000000e+00,+0.000000000e+00,+0.000000000e+00,+0.000000000e+00,+0.000000000e+00,+0.000000000e+00,+0.000000000e+00,+0.000000000e+00,+0.000000000e+00,+0.000000000e+00,+0.000000000e+00,+0.000000000e+00,+0.000000000e+00,+1.000000012e+00,+0.000000000e+00,+0.000000000e+00,+0.000000000e+00,+0.000000000e+00,+0.000000000e+00,+0.000000000e+00,+0.000000000e+00,+0.000000000e+00,+0.000000000e+00,+0.000000000e+00,+0.000000000e+00,+0.000000000e+00,+0.000000000e+00,+0.000000000e+00,+0.000000000e+00,+0.000000000e+00,+0.000000000e+00,+0.000000000e+00 },
  {+6.494745424e-07,+0.000000000e+00,+0.000000000e+00,+0.000000000e+00,+0.000000000e+00,+0.000000000e+00,+0.000000000e+00,+0.000000000e+00,+0.000000000e+00,+0.000000000e+00,+0.000000000e+00,+0.000000000e+00,+0.000000000e+00,+0.000000000e+00,+0.000000000e+00,+0.000000000e+00,+0.000000000e+00,+0.000000000e+00,+0.000000000e+00,+1.000000012e+00,+0.000000000e+00,+0.000000000e+00,+0.000000000e+00,+0.000000000e+00,+0.000000000e+00,+0.000000000e+00,+0.000000000e+00,+0.000000000e+00,+0.000000000e+00,+0.000000000e+00,+0.000000000e+00,+0.000000000e+00,+0.000000000e+00,+0.000000000e+00,+0.000000000e+00,+0.000000000e+00,+0.000000000e+00 },
  {-5.929409505e-07,+0.000000000e+00,+0.000000000e+00,+0.000000000e+00,+0.000000000e+00,+0.000000000e+00,+0.000000000e+00,+0.000000000e+00,+0.000000000e+00,+0.000000000e+00,+0.000000000e+00,+0.000000000e+00,+0.000000000e+00,+0.000000000e+00,+0.000000000e+00,+0.000000000e+00,+0.000000000e+00,+0.000000000e+00,+0.000000000e+00,+0.000000000e+00,+1.000000012e+00,+0.000000000e+00,+0.000000000e+00,+0.000000000e+00,+0.000000000e+00,+0.000000000e+00,+0.000000000e+00,+0.000000000e+00,+0.000000000e+00,+0.000000000e+00,+0.000000000e+00,+0.000000000e+00,+0.000000000e+00,+0.000000000e+00,+0.000000000e+00,+0.000000000e+00,+0.000000000e+00 },
  {+4.519916416e-08,+0.000000000e+00,+0.000000000e+00,+0.000000000e+00,+0.000000000e+00,+0.000000000e+00,+0.000000000e+00,+0.000000000e+00,+0.000000000e+00,+0.000000000e+00,+0.000000000e+00,+0.000000000e+00,+0.000000000e+00,+0.000000000e+00,+0.000000000e+00,+0.000000000e+00,+0.000000000e+00,+0.000000000e+00,+0.000000000e+00,+0.000000000e+00,+0.000000000e+00,+1.000000012e+00,+0.000000000e+00,+0.000000000e+00,+0.000000000e+00,+0.000000000e+00,+0.000000000e+00,+0.000000000e+00,+0.000000000e+00,+0.000000000e+00,+0.000000000e+00,+0.000000000e+00,+0.000000000e+00,+0.000000000e+00,+0.000000000e+00,+0.000000000e+00,+0.000000000e+00 },
  {+1.923203382e-07,+0.000000000e+00,+0.000000000e+00,+0.000000000e+00,+0.000000000e+00,+0.000000000e+00,+0.000000000e+00,+0.000000000e+00,+0.000000000e+00,+0.000000000e+00,+0.000000000e+00,+0.000000000e+00,+0.000000000e+00,+0.000000000e+00,+0.000000000e+00,+0.000000000e+00,+0.000000000e+00,+0.000000000e+00,+0.000000000e+00,+0.000000000e+00,+0.000000000e+00,+0.000000000e+00,+1.000000012e+00,+0.000000000e+00,+0.000000000e+00,+0.000000000e+00,+0.000000000e+00,+0.000000000e+00,+0.000000000e+00,+0.000000000e+00,+0.000000000e+00,+0.000000000e+00,+0.000000000e+00,+0.000000000e+00,+0.000000000e+00,+0.000000000e+00,+0.000000000e+00 },
  {-4.120092623e-08,+0.000000000e+00,+0.000000000e+00,+0.000000000e+00,+0.000000000e+00,+0.000000000e+00,+0.000000000e+00,+0.000000000e+00,+0.000000000e+00,+0.000000000e+00,+0.000000000e+00,+0.000000000e+00,+0.000000000e+00,+0.000000000e+00,+0.000000000e+00,+0.000000000e+00,+0.000000000e+00,+0.000000000e+00,+0.000000000e+00,+0.000000000e+00,+0.000000000e+00,+0.000000000e+00,+0.000000000e+00,+1.000000012e+00,+0.000000000e+00,+0.000000000e+00,+0.000000000e+00,+0.000000000e+00,+0.000000000e+00,+0.000000000e+00,+0.000000000e+00,+0.000000000e+00,+0.000000000e+00,+0.000000000e+00,+0.000000000e+00,+0.000000000e+00,+0.000000000e+00 },
  {+3.192340055e-08,+0.000000000e+00,+0.000000000e+00,+0.000000000e+00,+0.000000000e+00,+0.000000000e+00,+0.000000000e+00,+0.000000000e+00,+0.000000000e+00,+0.000000000e+00,+0.000000000e+00,+0.000000000e+00,+0.000000000e+00,+0.000000000e+00,+0.000000000e+00,+0.000000000e+00,+0.000000000e+00,+0.000000000e+00,+0.000000000e+00,+0.000000000e+00,+0.000000000e+00,+0.000000000e+00,+0.000000000e+00,+0.000000000e+00,+1.000000012e+00,+0.000000000e+00,+0.000000000e+00,+0.000000000e+00,+0.000000000e+00,+0.000000000e+00,+0.000000000e+00,+0.000000000e+00,+0.000000000e+00,+0.000000000e+00,+0.000000000e+00,+0.000000000e+00,+0.000000000e+00 },
  {+2.387017197e-08,+0.000000000e+00,+0.000000000e+00,+0.000000000e+00,+0.000000000e+00,+0.000000000e+00,+0.000000000e+00,+0.000000000e+00,+0.000000000e+00,+0.000000000e+00,+0.000000000e+00,+0.000000000e+00,+0.000000000e+00,+0.000000000e+00,+0.000000000e+00,+0.000000000e+00,+0.000000000e+00,+0.000000000e+00,+0.000000000e+00,+0.000000000e+00,+0.000000000e+00,+0.000000000e+00,+0.000000000e+00,+0.000000000e+00,+0.000000000e+00,+1.000000012e+00,+0.000000000e+00,+0.000000000e+00,+0.000000000e+00,+0.000000000e+00,+0.000000000e+00,+0.000000000e+00,+0.000000000e+00,+0.000000000e+00,+0.000000000e+00,+0.000000000e+00,+0.000000000e+00 },
  {-1.988086350e-08,+0.000000000e+00,+0.000000000e+00,+0.000000000e+00,+0.000000000e+00,+0.000000000e+00,+0.000000000e+00,+0.000000000e+00,+0.000000000e+00,+0.000000000e+00,+0.000000000e+00,+0.000000000e+00,+0.000000000e+00,+0.000000000e+00,+0.000000000e+00,+0.000000000e+00,+0.000000000e+00,+0.000000000e+00,+0.000000000e+00,+0.000000000e+00,+0.000000000e+00,+0.000000000e+00,+0.000000000e+00,+0.000000000e+00,+0.000000000e+00,+0.000000000e+00,+1.000000012e+00,+0.000000000e+00,+0.000000000e+00,+0.000000000e+00,+0.000000000e+00,+0.000000000e+00,+0.000000000e+00,+0.000000000e+00,+0.000000000e+00,+0.000000000e+00,+0.000000000e+00 },
  {+5.004249528e-07,+0.000000000e+00,+0.000000000e+00,+0.000000000e+00,+0.000000000e+00,+0.000000000e+00,+0.000000000e+00,+0.000000000e+00,+0.000000000e+00,+0.000000000e+00,+0.000000000e+00,+0.000000000e+00,+0.000000000e+00,+0.000000000e+00,+0.000000000e+00,+0.000000000e+00,+0.000000000e+00,+0.000000000e+00,+0.000000000e+00,+0.000000000e+00,+0.000000000e+00,+0.000000000e+00,+0.000000000e+00,+0.000000000e+00,+0.000000000e+00,+0.000000000e+00,+0.000000000e+00,+1.000000012e+00,+0.000000000e+00,+0.000000000e+00,+0.000000000e+00,+0.000000000e+00,+0.000000000e+00,+0.000000000e+00,+0.000000000e+00,+0.000000000e+00,+0.000000000e+00 },
  {+1.997739476e-07,+0.000000000e+00,+0.000000000e+00,+0.000000000e+00,+0.000000000e+00,+0.000000000e+00,+0.000000000e+00,+0.000000000e+00,+0.000000000e+00,+0.000000000e+00,+0.000000000e+00,+0.000000000e+00,+0.000000000e+00,+0.000000000e+00,+0.000000000e+00,+0.000000000e+00,+0.000000000e+00,+0.000000000e+00,+0.000000000e+00,+0.000000000e+00,+0.000000000e+00,+0.000000000e+00,+0.000000000e+00,+0.000000000e+00,+0.000000000e+00,+0.000000000e+00,+0.000000000e+00,+0.000000000e+00,+1.000000012e+00,+0.000000000e+00,+0.000000000e+00,+0.000000000e+00,+0.000000000e+00,+0.000000000e+00,+0.000000000e+00,+0.000000000e+00,+0.000000000e+00 },
  {-6.741599378e-09,+0.000000000e+00,+0.000000000e+00,+0.000000000e+00,+0.000000000e+00,+0.000000000e+00,+0.000000000e+00,+0.000000000e+00,+0.000000000e+00,+0.000000000e+00,+0.000000000e+00,+0.000000000e+00,+0.000000000e+00,+0.000000000e+00,+0.000000000e+00,+0.000000000e+00,+0.000000000e+00,+0.000000000e+00,+0.000000000e+00,+0.000000000e+00,+0.000000000e+00,+0.000000000e+00,+0.000000000e+00,+0.000000000e+00,+0.000000000e+00,+0.000000000e+00,+0.000000000e+00,+0.000000000e+00,+0.000000000e+00,+1.000000012e+00,+0.000000000e+00,+0.000000000e+00,+0.000000000e+00,+0.000000000e+00,+0.000000000e+00,+0.000000000e+00,+0.000000000e+00 },
  {-1.533626098e-08,+0.000000000e+00,+0.000000000e+00,+0.000000000e+00,+0.000000000e+00,+0.000000000e+00,+0.000000000e+00,+0.000000000e+00,+0.000000000e+00,+0.000000000e+00,+0.000000000e+00,+0.000000000e+00,+0.000000000e+00,+0.000000000e+00,+0.000000000e+00,+0.000000000e+00,+0.000000000e+00,+0.000000000e+00,+0.000000000e+00,+0.000000000e+00,+0.000000000e+00,+0.000000000e+00,+0.000000000e+00,+0.000000000e+00,+0.000000000e+00,+0.000000000e+00,+0.000000000e+00,+0.000000000e+00,+0.000000000e+00,+0.000000000e+00,+1.000000012e+00,+0.000000000e+00,+0.000000000e+00,+0.000000000e+00,+0.000000000e+00,+0.000000000e+00,+0.000000000e+00 },
  {-2.082552837e-08,+0.000000000e+00,+0.000000000e+00,+0.000000000e+00,+0.000000000e+00,+0.000000000e+00,+0.000000000e+00,+0.000000000e+00,+0.000000000e+00,+0.000000000e+00,+0.000000000e+00,+0.000000000e+00,+0.000000000e+00,+0.000000000e+00,+0.000000000e+00,+0.000000000e+00,+0.000000000e+00,+0.000000000e+00,+0.000000000e+00,+0.000000000e+00,+0.000000000e+00,+0.000000000e+00,+0.000000000e+00,+0.000000000e+00,+0.000000000e+00,+0.000000000e+00,+0.000000000e+00,+0.000000000e+00,+0.000000000e+00,+0.000000000e+00,+0.000000000e+00,+1.000000012e+00,+0.000000000e+00,+0.000000000e+00,+0.000000000e+00,+0.000000000e+00,+0.000000000e+00 },
  {+1.293080823e-08,+0.000000000e+00,+0.000000000e+00,+0.000000000e+00,+0.000000000e+00,+0.000000000e+00,+0.000000000e+00,+0.000000000e+00,+0.000000000e+00,+0.000000000e+00,+0.000000000e+00,+0.000000000e+00,+0.000000000e+00,+0.000000000e+00,+0.000000000e+00,+0.000000000e+00,+0.000000000e+00,+0.000000000e+00,+0.000000000e+00,+0.000000000e+00,+0.000000000e+00,+0.000000000e+00,+0.000000000e+00,+0.000000000e+00,+0.000000000e+00,+0.000000000e+00,+0.000000000e+00,+0.000000000e+00,+0.000000000e+00,+0.000000000e+00,+0.000000000e+00,+0.000000000e+00,+1.000000012e+00,+0.000000000e+00,+0.000000000e+00,+0.000000000e+00,+0.000000000e+00 },
  {+1.609483560e-09,+0.000000000e+00,+0.000000000e+00,+0.000000000e+00,+0.000000000e+00,+0.000000000e+00,+0.000000000e+00,+0.000000000e+00,+0.000000000e+00,+0.000000000e+00,+0.000000000e+00,+0.000000000e+00,+0.000000000e+00,+0.000000000e+00,+0.000000000e+00,+0.000000000e+00,+0.000000000e+00,+0.000000000e+00,+0.000000000e+00,+0.000000000e+00,+0.000000000e+00,+0.000000000e+00,+0.000000000e+00,+0.000000000e+00,+0.000000000e+00,+0.000000000e+00,+0.000000000e+00,+0.000000000e+00,+0.000000000e+00,+0.000000000e+00,+0.000000000e+00,+0.000000000e+00,+0.000000000e+00,+1.000000012e+00,+0.000000000e+00,+0.000000000e+00,+0.000000000e+00 },
  {-6.379078594e-08,+0.000000000e+00,+0.000000000e+00,+0.000000000e+00,+0.000000000e+00,+0.000000000e+00,+0.000000000e+00,+0.000000000e+00,+0.000000000e+00,+0.000000000e+00,+0.000000000e+00,+0.000000000e+00,+0.000000000e+00,+0.000000000e+00,+0.000000000e+00,+0.000000000e+00,+0.000000000e+00,+0.000000000e+00,+0.000000000e+00,+0.000000000e+00,+0.000000000e+00,+0.000000000e+00,+0.000000000e+00,+0.000000000e+00,+0.000000000e+00,+0.000000000e+00,+0.000000000e+00,+0.000000000e+00,+0.000000000e+00,+0.000000000e+00,+0.000000000e+00,+0.000000000e+00,+0.000000000e+00,+0.000000000e+00,+1.000000012e+00,+0.000000000e+00,+0.000000000e+00 },
  {-1.500780105e-08,+0.000000000e+00,+0.000000000e+00,+0.000000000e+00,+0.000000000e+00,+0.000000000e+00,+0.000000000e+00,+0.000000000e+00,+0.000000000e+00,+0.000000000e+00,+0.000000000e+00,+0.000000000e+00,+0.000000000e+00,+0.000000000e+00,+0.000000000e+00,+0.000000000e+00,+0.000000000e+00,+0.000000000e+00,+0.000000000e+00,+0.000000000e+00,+0.000000000e+00,+0.000000000e+00,+0.000000000e+00,+0.000000000e+00,+0.000000000e+00,+0.000000000e+00,+0.000000000e+00,+0.000000000e+00,+0.000000000e+00,+0.000000000e+00,+0.000000000e+00,+0.000000000e+00,+0.000000000e+00,+0.000000000e+00,+0.000000000e+00,+1.000000012e+00,+0.000000000e+00 },
  {+1.617721631e-08,+0.000000000e+00,+0.000000000e+00,+0.000000000e+00,+0.000000000e+00,+0.000000000e+00,+0.000000000e+00,+0.000000000e+00,+0.000000000e+00,+0.000000000e+00,+0.000000000e+00,+0.000000000e+00,+0.000000000e+00,+0.000000000e+00,+0.000000000e+00,+0.000000000e+00,+0.000000000e+00,+0.000000000e+00,+0.000000000e+00,+0.000000000e+00,+0.000000000e+00,+0.000000000e+00,+0.000000000e+00,+0.000000000e+00,+0.000000000e+00,+0.000000000e+00,+0.000000000e+00,+0.000000000e+00,+0.000000000e+00,+0.000000000e+00,+0.000000000e+00,+0.000000000e+00,+0.000000000e+00,+0.000000000e+00,+0.000000000e+00,+0.000000000e+00,+1.000000012e+00 }   }
{ {+3.692380010e+05,+0.000000000e+00,+0.000000000e+00,+0.000000000e+00,+0.000000000e+00,+0.000000000e+00 },
  {+0.000000000e+00,+3.692380010e+05,+0.000000000e+00,+0.000000000e+00,+0.000000000e+00,+0.000000000e+00 },
  {+0.000000000e+00,+0.000000000e+00,+3.563851478e-02,+0.000000000e+00,+0.000000000e+00,+0.000000000e+00 },
  {+0.000000000e+00,+0.000000000e+00,+0.000000000e+00,+3.692380010e+05,+0.000000000e+00,+0.000000000e+00 },
  {+0.000000000e+00,+0.000000000e+00,+0.000000000e+00,+0.000000000e+00,+3.692380010e+05,+0.000000000e+00 },
  {+0.000000000e+00,+0.000000000e+00,+0.000000000e+00,+0.000000000e+00,+0.000000000e+00,+3.692380010e+05 }   }
{ {+1.120937955e+04,-3.009010304e-01,+5.857334964e-01,+0.000000000e+00,-6.368795297e+04,+3.824854388e-03 },
  {-3.009010304e-01,+1.120937968e+04,-1.575147075e-01,+6.368795297e+04,+0.000000000e+00,+3.095069450e+00 },
  {+5.857334964e-01,-1.575147075e-01,+5.479847239e-01,-3.824854388e-03,-3.095069450e+00,+0.000000000e+00 },
  {+0.000000000e+00,+6.368795297e+04,-3.824854388e-03,+3.618650574e+05,+0.000000000e+00,+0.000000000e+00 },
  {-6.368795297e+04,+0.000000000e+00,-3.095069450e+00,+0.000000000e+00,+3.618650574e+05,+0.000000000e+00 },
  {+3.824854388e-03,+3.095069450e+00,+0.000000000e+00,+0.000000000e+00,+0.000000000e+00,+3.618650574e+05 }   }
{ {+5.909833807e-01,+3.984243248e-01,-2.805392892e-01,+0.000000000e+00,+8.014943636e-01,+1.789023395e-02 },
  {+3.984243248e-01,+1.754128946e+00,+6.940894533e-02,-8.014943636e-01,+0.000000000e+00,+3.241865049e+00 },
  {-2.805392892e-01,+6.940894533e-02,+1.358936668e+00,-1.789023395e-02,-3.241865049e+00,+0.000000000e+00 },
  {+0.000000000e+00,-8.014943636e-01,-1.789023395e-02,+8.123150912e+00,+0.000000000e+00,+0.000000000e+00 },
  {+8.014943636e-01,+0.000000000e+00,-3.241865049e+00,+0.000000000e+00,+8.123150912e+00,+0.000000000e+00 },
  {+1.789023395e-02,+3.241865049e+00,+0.000000000e+00,+0.000000000e+00,+0.000000000e+00,+8.123150912e+00 }   }
{ {+1.183958241e-01,-1.204906108e-02,+4.930861074e-02,+0.000000000e+00,+5.329673535e-02,+1.715045150e-01 },
  {-1.204906108e-02,+6.800556314e-02,+1.264855415e-02,-5.329673535e-02,+0.000000000e+00,+2.515647327e-03 },
  {+4.930861074e-02,+1.264855415e-02,+1.485029377e-01,-1.715045150e-01,-2.515647327e-03,+0.000000000e+00 },
  {+0.000000000e+00,-5.329673535e-02,-1.715045150e-01,+2.074906824e+00,+0.000000000e+00,+0.000000000e+00 },
  {+5.329673535e-02,+0.000000000e+00,-2.515647327e-03,+0.000000000e+00,+2.074906824e+00,+0.000000000e+00 },
  {+1.715045150e-01,+2.515647327e-03,+0.000000000e+00,+0.000000000e+00,+0.000000000e+00,+2.074906824e+00 }   }
{ {+7.761352816e-02,+1.584760447e-03,+1.326810985e-02,+0.000000000e+00,-7.470709405e-02,-4.530064372e-02 },
  {+1.584760447e-03,+1.234522301e-01,+3.168792233e-03,+7.470709405e-02,+0.000000000e+00,-9.913571602e-04 },
  {+1.326810985e-02,+3.168792233e-03,+8.108219545e-02,+4.530064372e-02,+9.913571602e-04,+0.000000000e+00 },
  {+0.000000000e+00,+7.470709405e-02,+4.530064372e-02,+2.064133952e+00,+0.000000000e+00,+0.000000000e+00 },
  {-7.470709405e-02,+0.000000000e+00,+9.913571602e-04,+0.000000000e+00,+2.064133952e+00,+0.000000000e+00 },
  {-4.530064372e-02,-9.913571602e-04,+0.000000000e+00,+0.000000000e+00,+0.000000000e+00,+2.064133952e+00 }   }
{ {+9.252238148e-02,+1.941699127e-04,+7.653836098e-03,+0.000000000e+00,-1.420364884e-01,-2.476414231e-03 },
  {+1.941699127e-04,+8.308302204e-02,+4.207572609e-03,+1.420364884e-01,+0.000000000e+00,-1.631184705e-03 },
  {+7.653836098e-03,+4.207572609e-03,+1.068417880e-02,+2.476414231e-03,+1.631184705e-03,+0.000000000e+00 },
  {+0.000000000e+00,+1.420364884e-01,+2.476414231e-03,+2.023742734e+00,+0.000000000e+00,+0.000000000e+00 },
  {-1.420364884e-01,+0.000000000e+00,+1.631184705e-03,+0.000000000e+00,+2.023742734e+00,+0.000000000e+00 },
  {-2.476414231e-03,-1.631184705e-03,+0.000000000e+00,+0.000000000e+00,+0.000000000e+00,+2.023742734e+00 }   }
}
yMat = 
{
{ {+1.000000000e+00,-1.512975726e-06,-1.089190127e-08,-1.280755732e-06,-1.085089494e-07,-1.046857952e-06,-6.515181193e-07,+2.034264984e-07,-7.797335349e-08,+3.097844218e-07,+1.216290222e-06,-3.639723473e-07,+9.722083051e-07,+1.204645305e-06,+9.452282750e-07,-3.714193303e-08,-5.753944229e-08,-4.195594168e-08,+7.651475617e-08,+2.481378622e-07,-7.426951463e-08,-5.252920918e-09,-4.119456921e-08,-2.174615849e-08,+2.067089824e-08,+1.873821322e-09,+2.211992286e-08,+7.283266881e-10,-1.677971948e-08,-7.199899514e-09,-5.026084844e-10,-2.987680317e-09,+1.284664402e-09,+7.760246937e-09,-7.572103852e-09,-5.478896844e-09,+5.110041901e-11 },
  {-1.512975726e-06,+7.525192364e-08,-2.786329176e-13,+6.993778697e-11,+5.834446059e-12,+5.765976251e-11,+3.605526231e-11,-1.138948411e-11,+4.330400963e-12,-1.701070673e-11,-6.701226329e-11,+2.004222254e-11,-5.425602376e-11,-6.655204702e-11,-5.248799773e-11,+1.595176887e-12,+3.169215059e-12,+2.313589080e-12,-4.193585300e-12,-1.423304620e-11,+4.632869396e-12,+2.909368055e-13,+2.101167716e-12,+1.196928455e-12,-1.151567745e-12,-1.087781893e-13,-1.158132095e-12,-5.969090849e-13,+6.703729881e-13,+3.789492073e-13,+4.594148476e-14,+1.835362083e-13,-7.768921288e-14,-4.206575405e-13,+5.743249191e-13,+3.397159914e-13,-4.453898342e-14 },
  {-1.089190127e-08,-2.786329176e-13,+7.516493395e-08,-3.712824866e-12,+2.165400183e-13,-1.443573575e-12,-6.016573071e-12,+1.857183123e-12,-8.542882621e-13,-5.712284857e-13,+2.372715227e-13,-5.276625300e-13,-2.131916576e-12,+7.842184631e-12,+7.813624093e-13,-2.875007583e-12,+1.012689247e-12,+4.686929179e-13,+6.160435619e-13,-1.353397133e-12,+1.871595464e-12,-1.826523475e-13,-8.785448693e-13,+5.823055799e-14,-2.954844497e-14,-7.948936668e-14,+1.673384517e-13,-1.841549324e-12,-8.079241842e-13,-7.611023497e-15,+5.452641296e-14,+6.412066108e-14,-4.170037512e-14,+2.706082025e-14,+2.062407565e-13,+3.278173848e-14,-6.012317509e-14 },
  {-1.280755732e-06,+6.993778697e-11,-3.712824866e-12,+7.522177233e-08,+5.144457676e-12,+4.648885918e-11,+2.270291932e-11,-7.220243683e-12,+2.561170147e-12,-1.491400083e-11,-5.576756507e-11,+1.613883611e-11,-4.802917465e-11,-4.600866062e-11,-4.294656957e-11,-2.180260174e-12,+3.890699999e-12,+2.519777702e-12,-2.733988806e-12,-1.357305865e-11,+6.200741071e-12,+2.084719959e-14,+6.701967531e-13,+1.073855335e-12,-1.000880373e-12,-1.904105099e-13,-7.630668774e-13,-2.766730465e-12,-4.336986193e-13,+3.063648636e-13,+1.056103305e-13,+2.326965651e-13,-1.152324416e-13,-3.180794946e-13,+7.271414260e-13,+3.216791450e-13,-1.089806793e-13 },
  {-1.085089494e-07,+5.834446059e-12,+2.165400183e-13,+5.144457676e-12,+7.516815145e-08,+4.106782599e-12,+3.032195273e-12,-9.541324460e-13,+3.764652937e-13,-1.123285457e-12,-4.650907565e-12,+1.432730653e-12,-3.579016291e-12,-5.289168888e-12,-3.702453493e-12,+3.553508434e-13,+1.262011227e-13,+1.180189259e-13,-3.438300989e-13,-8.729074788e-13,+1.645617073e-13,+3.738414498e-14,+2.197519418e-13,+7.767220911e-14,-7.691075461e-14,-8.917965868e-16,-9.441354275e-14,+1.143167699e-13,+1.146697810e-13,+2.625680300e-14,-1.398956373e-15,+7.312538746e-15,-1.754905762e-15,-3.134864519e-14,+2.179295851e-14,+2.045838889e-14,+2.173682798e-15 },
  {-1.046857952e-06,+5.765976251e-11,-1.443573575e-12,+4.648885918e-11,+4.106782599e-12,+7.520679726e-08,+2.209127934e-11,-6.994959753e-12,+2.592683169e-12,-1.193788436e-11,-4.597688946e-11,+1.356341502e-11,-3.826948561e-11,-4.227740483e-11,-3.574792125e-11,-1.630555496e-13,+2.622720591e-12,+1.803768974e-12,-2.600089738e-12,-1.038994294e-11,+4.035486431e-12,+1.205823816e-13,+1.049421193e-12,+8.496717440e-13,-8.059509996e-13,-1.112091056e-13,-7.220776277e-13,-1.230610067e-12,+1.012258095e-13,+2.561959968e-13,+5.592695500e-14,+1.549304285e-13,-7.122199020e-14,-2.768666567e-13,+4.817026759e-13,+2.461583452e-13,-5.577562233e-14 },
  {-6.515181193e-07,+3.605526231e-11,-6.016573071e-12,+2.270291932e-11,+3.032195273e-12,+2.209127934e-11,+7.517069976e-08,-1.000558663e-12,+7.082887009e-14,-8.651634330e-12,-2.873745065e-11,+7.612499346e-12,-2.808457850e-11,-1.232214300e-11,-2.117542037e-11,-5.358349684e-12,+3.545608745e-12,+2.004958470e-12,-5.232559637e-13,-8.998570501e-12,+5.906685380e-12,-2.638904110e-13,-9.232691632e-13,+6.456936391e-13,-5.628343261e-13,-2.149627810e-13,-1.583875278e-13,-4.089899817e-12,-1.386100797e-12,+1.528392196e-13,+1.330885490e-13,+2.133422209e-13,-1.219335589e-13,-1.272889156e-13,+6.679663445e-13,+2.133792549e-13,-1.418249621e-13 },
  {+2.034264984e-07,-1.138948411e-11,+1.857183123e-12,-7.220243683e-12,-9.541324460e-13,-6.994959753e-12,-1.000558663e-12,+7.516811106e-08,-3.294731327e-14,+2.725908992e-12,+9.076395493e-12,-2.410083615e-12,+8.829891566e-12,+4.003478375e-12,+6.695601261e-12,+1.649851287e-12,-1.106967029e-12,-6.269165194e-13,+1.752921192e-13,+2.824183368e-12,-1.848777130e-12,+8.244496080e-14,+2.825168077e-13,-2.033699602e-13,+1.780933947e-13,+6.659668014e-14,+5.122351382e-14,+1.273272144e-12,+4.303824993e-13,-4.845488040e-14,-4.153548243e-14,-6.671959738e-14,+3.801058559e-14,+4.043066006e-14,-2.106354255e-13,-6.755938114e-14,+4.463494046e-14 },
  {-7.797335349e-08,+4.330400963e-12,-8.542882621e-13,+2.561170147e-12,+3.764652937e-13,+2.592683169e-12,+7.082887009e-14,-3.294731327e-14,+7.516773677e-08,-1.070110385e-12,-3.450983657e-12,+8.914272778e-13,-3.479674383e-12,-1.113743352e-12,-2.512140338e-12,-7.796567271e-13,+4.752582000e-13,+2.634159486e-13,-3.446980918e-14,-1.144920409e-12,+7.962847394e-13,-4.050701788e-14,-1.515965225e-13,+8.050427530e-14,-6.908799582e-14,-2.956727828e-14,-1.149490992e-14,-5.766695974e-13,-2.037713341e-13,+1.819286138e-14,+1.850705568e-14,+2.861868556e-14,-1.666004842e-14,-1.411455151e-14,+8.962161652e-14,+2.715321163e-14,-1.978187876e-14 },
  {+3.097844218e-07,-1.701070673e-11,-5.712284857e-13,-1.491400083e-11,-1.123285457e-12,-1.193788436e-11,-8.651634330e-12,+2.725908992e-12,-1.070110385e-12,+7.517106314e-08,+1.355175000e-11,-4.159590316e-12,+1.046467962e-11,+1.520766994e-11,+1.076246100e-11,-9.680600410e-13,-4.017341620e-13,-3.581177140e-13,+9.864993165e-13,+2.572984763e-12,-5.264709941e-13,-1.012591216e-13,-6.177493215e-13,-2.281059995e-13,+2.256901768e-13,+4.183404262e-15,+2.701961734e-13,-2.857079244e-13,-3.128401303e-13,-7.719186114e-14,+2.677049047e-15,-2.290862607e-14,+6.161000727e-15,+9.061708623e-14,-7.078192403e-14,-6.116524214e-14,-4.242781951e-15 },
  {+1.216290222e-06,-6.701226329e-11,+2.372715227e-13,-5.576756507e-11,-4.650907565e-12,-4.597688946e-11,-2.873745065e-11,+9.076395493e-12,-3.450983657e-12,+1.355175000e-11,+7.522119786e-08,-1.599363554e-11,+4.329715758e-11,+5.305286560e-11,+4.185958510e-11,-1.270897910e-12,-2.516011885e-12,-1.847546386e-12,+3.335853145e-12,+1.136328876e-11,-3.728397446e-12,-2.347227599e-13,-1.664682035e-12,-9.553227697e-13,+9.190474191e-13,+8.831422976e-14,+9.226743449e-13,+4.905968914e-13,-5.281025744e-13,-3.003397404e-13,-3.717663883e-14,-1.470794130e-13,+6.144202793e-14,+3.348328230e-13,-4.539995946e-13,-2.687876436e-13,+3.419370763e-14 },
  {-3.639723473e-07,+2.004222254e-11,-5.276625300e-13,+1.613883611e-11,+1.432730653e-12,+1.356341502e-11,+7.612499346e-12,-2.410083615e-12,+8.914272778e-13,-4.159590316e-12,-1.599363554e-11,+7.517248225e-08,-1.333519523e-11,-1.461499408e-11,-1.242529804e-11,-8.554718624e-14,+9.237212947e-13,+6.334151721e-13,-8.967199030e-13,-3.626613716e-12,+1.424900794e-12,+3.981452150e-14,+3.551230613e-13,+2.964252090e-13,-2.808231210e-13,-3.967507404e-14,-2.496224036e-13,-4.464801746e-13,+2.718127571e-14,+8.908089605e-14,+1.999771243e-14,+5.456397221e-14,-2.513738431e-14,-9.599667645e-14,+1.684070395e-13,+8.553315370e-14,-1.965414780e-14 },
  {+9.722083051e-07,-5.425602376e-11,-2.131916576e-12,-4.802917465e-11,-3.579016291e-12,-3.826948561e-11,-2.808457850e-11,+8.829891566e-12,-3.479674383e-12,+1.046467962e-11,+4.329715758e-11,-1.333519523e-11,+7.520095631e-08,+4.917738037e-11,+3.439941187e-11,-3.375382702e-12,-1.202779229e-12,-1.109086621e-12,+3.190640953e-12,+8.053779441e-12,-1.471087998e-12,-3.394431089e-13,-2.062373957e-12,-7.232331536e-13,+7.167271947e-13,+6.724375394e-15,+8.824683578e-13,-1.118169243e-12,-1.090855015e-12,-2.485573162e-13,+1.488959633e-14,-6.598278941e-14,+1.538772417e-14,+2.923409736e-13,-1.929639244e-13,-1.887154762e-13,-2.282555563e-14 },
  {+1.204645305e-06,-6.655204702e-11,+7.842184631e-12,-4.600866062e-11,-5.289168888e-12,-4.227740483e-11,-1.232214300e-11,+4.003478375e-12,-1.113743352e-12,+1.520766994e-11,+5.305286560e-11,-1.461499408e-11,+4.917738037e-11,+7.519958333e-08,+3.985033128e-11,+6.515572876e-12,-5.328420503e-12,-3.144201582e-12,+1.670150239e-12,+1.503050058e-11,-8.788439949e-12,+2.747050885e-13,+7.084921772e-13,-1.119751552e-12,+1.004958242e-12,+3.034987077e-13,+4.743538702e-13,+5.461980498e-12,+1.649936024e-12,-2.864651009e-13,-1.842106443e-13,-3.205822361e-13,+1.752724902e-13,+2.633470628e-13,-1.009861064e-12,-3.583827387e-13,+1.962383948e-13 },
  {+9.452282750e-07,-5.248799773e-11,+7.813624093e-13,-4.294656957e-11,-3.702453493e-12,-3.574792125e-11,-2.117542037e-11,+6.695601261e-12,-2.512140338e-12,+1.076246100e-11,+4.185958510e-11,-1.242529804e-11,+3.439941187e-11,+3.985033128e-11,+7.520040963e-08,-3.732888308e-13,-2.206024385e-12,-1.555191626e-12,+2.479501684e-12,+9.192769415e-12,-3.323668756e-12,-1.409436108e-13,-1.114888567e-12,-7.625081885e-13,+7.276070144e-13,+8.643399728e-14,+6.877108415e-13,+7.787410050e-13,-2.412969954e-13,-2.351314929e-13,-4.075878964e-14,-1.290384621e-13,+5.739989953e-14,+2.568442706e-13,-3.991714537e-13,-2.176853688e-13,+3.949952731e-14 },
  {-3.714193303e-08,+1.595176887e-12,-2.875007583e-12,-2.180260174e-12,+3.553508434e-13,-1.630555496e-13,-5.358349684e-12,+1.649851287e-12,-7.796567271e-13,-9.680600410e-13,-1.270897910e-12,-8.554718624e-14,-3.375382702e-12,+6.515572876e-12,-3.732888308e-13,+7.516488456e-08,+1.110285229e-12,+5.331090797e-13,+5.368073301e-13,-1.688278792e-12,+2.005181551e-12,-1.815572033e-13,-8.467436851e-13,+8.660441663e-14,-5.644051683e-14,-8.337187265e-14,+1.440015777e-13,-1.882875916e-12,-8.051080158e-13,+1.539817129e-15,+5.634329826e-14,+6.920958834e-14,-4.407090315e-14,+1.807007779e-14,+2.211387285e-13,+4.061620936e-14,-6.173690647e-14 },
  {-5.753944229e-08,+3.169215059e-12,+1.012689247e-12,+3.890699999e-12,+1.262011227e-13,+2.622720591e-12,+3.545608745e-12,-1.106967029e-12,+4.752582000e-13,-4.017341620e-13,-2.516011885e-12,+9.237212947e-13,-1.202779229e-12,-5.328420503e-12,-2.206024385e-12,+1.110285229e-12,+7.516750492e-08,-9.024483542e-14,-3.801104173e-13,-3.225092001e-14,-5.086234882e-13,+7.918233986e-14,+3.967878127e-13,+2.179271524e-14,-3.106490464e-14,+2.519540017e-14,-1.024561916e-13,+6.448163378e-13,+3.165146982e-13,+1.575527200e-14,-1.800489447e-14,-1.653460695e-14,+1.249179473e-14,-2.505920391e-14,-5.178421610e-14,+9.815073194e-16,+1.967596642e-14 },
  {-4.195594168e-08,+2.313589080e-12,+4.686929179e-13,+2.519777702e-12,+1.180189259e-13,+1.803768974e-12,+2.004958470e-12,-6.269165194e-13,+2.634159486e-13,-3.581177140e-13,-1.847546386e-12,+6.334151721e-13,-1.109086621e-12,-3.144201582e-12,-1.555191626e-12,+5.331090797e-13,-9.024483542e-14,+7.516775060e-08,-2.177123300e-13,-1.589879654e-13,-1.869136834e-13,+3.971022086e-14,+2.047144467e-13,+2.237918133e-14,-2.622839474e-14,+1.045876533e-14,-5.929731922e-14,+2.930299441e-13,+1.536138356e-13,+1.109147703e-14,-7.880564254e-15,-5.786948753e-15,+5.085923193e-15,-1.584882368e-14,-1.885952395e-14,+3.645157004e-15,+8.881247854e-15 },
  {+7.651475617e-08,-4.193585300e-12,+6.160435619e-13,-2.733988806e-12,-3.438300989e-13,-2.600089738e-12,-5.232559637e-13,+1.752921192e-13,-3.446980918e-14,+9.864993165e-13,+3.335853145e-12,-8.967199030e-13,+3.190640953e-12,+1.670150239e-12,+2.479501684e-12,+5.368073301e-13,-3.801104173e-13,-2.177123300e-13,+7.516784917e-08,+1.006450199e-12,-6.359928572e-13,+2.571217285e-14,+8.298149068e-14,-7.317800075e-14,+6.472915323e-14,+2.241626507e-14,+2.250531384e-14,+4.254037251e-13,+1.397330375e-13,-1.783883535e-14,-1.402578579e-14,-2.302671644e-14,+1.295406097e-14,+1.544400998e-14,-7.334235672e-14,-2.425016562e-14,+1.519810485e-14 },
  {+2.481378622e-07,-1.423304620e-11,-1.353397133e-12,-1.357305865e-11,-8.729074788e-13,-1.038994294e-11,-8.998570501e-12,+2.824183368e-12,-1.144920409e-12,+2.572984763e-12,+1.136328876e-11,-3.626613716e-12,+8.053779441e-12,+1.503050058e-11,+9.192769415e-12,-1.688278792e-12,-3.225092001e-14,-1.589879654e-13,+1.006450199e-12,+7.516949391e-08,+1.251686348e-13,-1.375080809e-13,-7.791883137e-13,-1.728860604e-13,+1.798820622e-13,-2.068510975e-14,+2.754910385e-13,-7.966127540e-13,-5.052231884e-13,-6.707993358e-14,+1.876066022e-14,+3.654521727e-16,-7.584266021e-15,+8.362270016e-14,+4.104772975e-15,-4.082081568e-14,-2.193042698e-14 },
  {-7.426951463e-08,+4.632869396e-12,+1.871595464e-12,+6.200741071e-12,+1.645617073e-13,+4.035486431e-12,+5.906685380e-12,-1.848777130e-12,+7.962847394e-13,-5.264709941e-13,-3.728397446e-12,+1.424900794e-12,-1.471087998e-12,-8.788439949e-12,-3.323668756e-12,+2.005181551e-12,-5.086234882e-13,-1.869136834e-13,-6.359928572e-13,+1.251686348e-13,+7.516682440e-08,+1.334743329e-13,+6.797571067e-13,+2.661483042e-14,-4.493574796e-14,+4.689531960e-14,-1.687092705e-13,+1.159291848e-12,+5.560129416e-13,+2.443639407e-14,-3.256302767e-14,-3.158122193e-14,+2.364701535e-14,-3.959680865e-14,-9.971580531e-14,-2.653370143e-15,+3.597240982e-14 },
  {-5.252920918e-09,+2.909368055e-13,-1.826523475e-13,+2.084719959e-14,+3.738414498e-14,+1.205823816e-13,-2.638904110e-13,+8.244496080e-14,-4.050701788e-14,-1.012591216e-13,-2.347227599e-13,+3.981452150e-14,-3.394431089e-13,+2.747050885e-13,-1.409436108e-13,-1.815572033e-13,+7.918233986e-14,+3.971022086e-14,+2.571217285e-14,-1.375080809e-13,+1.334743329e-13,+7.516775759e-08,-4.795722019e-14,+8.216283164e-15,-5.921461099e-15,-5.647986798e-15,+5.989239281e-15,-1.175650198e-13,-4.783403678e-14,+1.081636553e-15,+3.552911136e-15,+4.698412839e-15,-2.987185880e-15,+1.156982840e-16,+1.400124642e-14,+3.033195283e-15,-3.676733612e-15 },
  {-4.119456921e-08,+2.101167716e-12,-8.785448693e-13,+6.701967531e-13,+2.197519418e-13,+1.049421193e-12,-9.232691632e-13,+2.825168077e-13,-1.515965225e-13,-6.177493215e-13,-1.664682035e-12,+3.551230613e-13,-2.062373957e-12,+7.084921772e-13,-1.114888567e-12,-8.467436851e-13,+3.967878127e-13,+2.047144467e-13,+8.298149068e-14,-7.791883137e-13,+6.797571067e-13,-4.795722019e-14,+7.516755696e-08,+4.859054973e-14,-3.800037971e-14,-2.732586889e-14,+2.010368611e-14,-5.715771454e-13,-2.258584871e-13,+7.833817239e-15,+1.756858542e-14,+2.409134003e-14,-1.485494463e-14,-2.812273706e-15,+7.562936571e-14,+1.838186577e-14,-1.898542058e-14 },
  {-2.174615849e-08,+1.196928455e-12,+5.823055799e-14,+1.073855335e-12,+7.767220911e-14,+8.496717440e-13,+6.456936391e-13,-2.033699602e-13,+8.050427530e-14,-2.281059995e-13,-9.553227697e-13,+2.964252090e-13,-7.232331536e-13,-1.119751552e-12,-7.625081885e-13,+8.660441663e-14,+2.179271524e-14,+2.237918133e-14,-7.317800075e-14,-1.728860604e-13,+2.661483042e-14,+8.216283164e-15,+4.859054973e-14,+7.516778403e-08,-1.577641893e-14,+1.842242289e-16,-1.998665301e-14,+3.098501862e-14,+2.674668076e-14,+5.452365968e-15,-5.050032481e-16,+1.238020371e-15,-1.599657331e-16,-6.526534729e-15,+3.718784484e-15,+4.080442937e-15,+6.750039761e-16 },
  {+2.067089824e-08,-1.151567745e-12,-2.954844497e-14,-1.000880373e-12,-7.691075461e-14,-8.059509996e-13,-5.628343261e-13,+1.780933947e-13,-6.908799582e-14,+2.256901768e-13,+9.190474191e-13,-2.808231210e-13,+7.167271947e-13,+1.004958242e-12,+7.276070144e-13,-5.644051683e-14,-3.106490464e-14,-2.622839474e-14,+6.472915323e-14,+1.798820622e-13,-4.493574796e-14,-5.921461099e-15,-3.800037971e-14,-1.577641893e-14,+7.516778391e-08,+5.628940780e-16,+1.751259439e-14,-1.126970132e-14,-1.753967150e-14,-5.207953478e-15,-7.025959307e-17,-1.840511631e-15,+5.564994666e-16,+6.012310771e-15,-5.891048755e-15,-4.328524700e-15,+1.042321998e-17 },
  {+1.873821322e-09,-1.087781893e-13,-7.948936668e-14,-1.904105099e-13,-8.917965868e-16,-1.112091056e-13,-2.149627810e-13,+6.659668014e-14,-2.956727828e-14,+4.183404262e-15,+8.831422976e-14,-3.967507404e-14,+6.724375394e-15,+3.034987077e-13,+8.643399728e-14,-8.337187265e-14,+2.519540017e-14,+1.045876533e-14,+2.241626507e-14,-2.068510975e-14,+4.689531960e-14,-5.647986798e-15,-2.732586889e-14,+1.842242289e-16,+5.628940780e-16,+7.516776621e-08,+6.162587092e-15,-5.127927181e-14,-2.364664371e-14,-6.283595046e-16,+1.482500503e-15,+1.582458048e-15,-1.097178682e-15,+1.272441491e-15,+5.235583048e-15,+5.577675470e-16,-1.679203800e-15 },
  {+2.211992286e-08,-1.158132095e-12,+1.673384517e-13,-7.630668774e-13,-9.441354275e-14,-7.220776277e-13,-1.583875278e-13,+5.122351382e-14,-1.149490992e-14,+2.701961734e-13,+9.226743449e-13,-2.496224036e-13,+8.824683578e-13,+4.743538702e-13,+6.877108415e-13,+1.440015777e-13,-1.024561916e-13,-5.929731922e-14,+2.250531384e-14,+2.754910385e-13,-1.687092705e-13,+5.989239281e-15,+2.010368611e-14,-1.998665301e-14,+1.751259439e-14,+6.162587092e-15,+7.516777527e-08,+1.115107806e-13,+3.566954522e-14,-4.857981169e-15,-3.676077287e-15,-6.158472742e-15,+3.473222755e-15,+4.377910623e-15,-1.894855397e-14,-6.409243030e-15,+3.836759206e-15 },
  {+7.283266881e-10,-5.969090849e-13,-1.841549324e-12,-2.766730465e-12,+1.143167699e-13,-1.230610067e-12,-4.089899817e-12,+1.273272144e-12,-5.766695974e-13,-2.857079244e-13,+4.905968914e-13,-4.464801746e-13,-1.118169243e-12,+5.461980498e-12,+7.787410050e-13,-1.882875916e-12,+6.448163378e-13,+2.930299441e-13,+4.254037251e-13,-7.966127540e-13,+1.159291848e-12,-1.175650198e-13,-5.715771454e-13,+3.098501862e-14,-1.126970132e-14,-5.127927181e-14,+1.115107806e-13,+7.516659777e-08,-5.165428771e-13,-6.390405890e-15,+3.434328671e-14,+3.990726074e-14,-2.657434267e-14,+1.925978843e-14,+1.244787156e-13,+1.816222723e-14,-3.714920022e-14 },
  {-1.677971948e-08,+6.703729881e-13,-8.079241842e-13,-4.336986193e-13,+1.146697810e-13,+1.012258095e-13,-1.386100797e-12,+4.303824993e-13,-2.037713341e-13,-3.128401303e-13,-5.281025744e-13,+2.718127571e-14,-1.090855015e-12,+1.649936024e-12,-2.412969954e-13,-8.051080158e-13,+3.165146982e-13,+1.536138356e-13,+1.397330375e-13,-5.052231884e-13,+5.560129416e-13,-4.783403678e-14,-2.258584871e-13,+2.674668076e-14,-1.753967150e-14,-2.364664371e-14,+3.566954522e-14,-5.165428771e-13,+7.516755081e-08,+1.386309776e-15,+1.546079040e-14,+1.942048453e-14,-1.245157454e-14,+3.728789875e-15,+6.022034287e-14,+1.156473523e-14,-1.658279325e-14 },
  {-7.199899514e-09,+3.789492073e-13,-7.611023497e-15,+3.063648636e-13,+2.625680300e-14,+2.561959968e-13,+1.528392196e-13,-4.845488040e-14,+1.819286138e-14,-7.719186114e-14,-3.003397404e-13,+8.908089605e-14,-2.485573162e-13,-2.864651009e-13,-2.351314929e-13,+1.539817129e-15,+1.575527200e-14,+1.109147703e-14,-1.783883535e-14,-6.707993358e-14,+2.443639407e-14,+1.081636553e-15,+7.833817239e-15,+5.452365968e-15,-5.207953478e-15,-6.283595046e-16,-4.857981169e-15,-6.390405890e-15,+1.386309776e-15,+7.516776995e-08,+3.182325689e-16,+9.530777572e-16,-4.221278129e-16,-1.833932785e-15,+3.084723566e-15,+1.616256233e-15,-3.429794444e-16 },
  {-5.026084844e-10,+4.594148476e-14,+5.452641296e-14,+1.056103305e-13,-1.398956373e-15,+5.592695500e-14,+1.330885490e-13,-4.153548243e-14,+1.850705568e-14,+2.677049047e-15,-3.717663883e-14,+1.999771243e-14,+1.488959633e-14,-1.842106443e-13,-4.075878964e-14,+5.634329826e-14,-1.800489447e-14,-7.880564254e-15,-1.402578579e-14,+1.876066022e-14,-3.256302767e-14,+3.552911136e-15,+1.756858542e-14,-5.050032481e-16,-7.025959307e-17,+1.482500503e-15,-3.676077287e-15,+3.434328671e-14,+1.546079040e-14,+3.182325689e-16,+7.516776730e-08,-1.115321288e-15,+7.609668554e-16,-7.090498753e-16,-3.470106945e-15,-4.199724735e-16,+1.079748595e-15 },
  {-2.987680317e-09,+1.835362083e-13,+6.412066108e-14,+2.326965651e-13,+7.312538746e-15,+1.549304285e-13,+2.133422209e-13,-6.671959738e-14,+2.861868556e-14,-2.290862607e-14,-1.470794130e-13,+5.456397221e-14,-6.598278941e-14,-3.205822361e-13,-1.290384621e-13,+6.920958834e-14,-1.653460695e-14,-5.786948753e-15,-2.302671644e-14,+3.654521727e-16,-3.158122193e-14,+4.698412839e-15,+2.409134003e-14,+1.238020371e-15,-1.840511631e-15,+1.582458048e-15,-6.158472742e-15,+3.990726074e-14,+1.942048453e-14,+9.530777572e-16,-1.115321288e-15,+7.516776725e-08,+7.862794892e-16,-1.488077344e-15,-3.293886623e-15,+5.529653412e-18,+1.229117914e-15 },
  {+1.284664402e-09,-7.768921288e-14,-4.170037512e-14,-1.152324416e-13,-1.754905762e-15,-7.122199020e-14,-1.219335589e-13,+3.801058559e-14,-1.666004842e-14,+6.161000727e-15,+6.144202793e-14,-2.513738431e-14,+1.538772417e-14,+1.752724902e-13,+5.739989953e-14,-4.407090315e-14,+1.249179473e-14,+5.085923193e-15,+1.295406097e-14,-7.584266021e-15,+2.364701535e-14,-2.987185880e-15,-1.485494463e-14,-1.599657331e-16,+5.564994666e-16,-1.097178682e-15,+3.473222755e-15,-2.657434267e-14,-1.245157454e-14,-4.221278129e-16,+7.609668554e-16,+7.862794892e-16,+7.516776776e-08,+7.741290596e-16,+2.417519585e-15,+1.471134692e-16,-8.116785484e-16 },
  {+7.760246937e-09,-4.206575405e-13,+2.706082025e-14,-3.180794946e-13,-3.134864519e-14,-2.768666567e-13,-1.272889156e-13,+4.043066006e-14,-1.411455151e-14,+9.061708623e-14,+3.348328230e-13,-9.599667645e-14,+2.923409736e-13,+2.633470628e-13,+2.568442706e-13,+1.807007779e-14,-2.505920391e-14,-1.584882368e-14,+1.544400998e-14,+8.362270016e-14,-3.959680865e-14,+1.156982840e-16,-2.812273706e-15,-6.526534729e-15,+6.012310771e-15,+1.272441491e-15,+4.377910623e-15,+1.925978843e-14,+3.728789875e-15,-1.833932785e-15,-7.090498753e-16,-1.488077344e-15,+7.741290596e-16,+7.516777018e-08,-4.653309546e-15,-1.986992148e-15,+7.436851990e-16 },
  {-7.572103852e-09,+5.743249191e-13,+2.062407565e-13,+7.271414260e-13,+2.179295851e-14,+4.817026759e-13,+6.679663445e-13,-2.106354255e-13,+8.962161652e-14,-7.078192403e-14,-4.539995946e-13,+1.684070395e-13,-1.929639244e-13,-1.009861064e-12,-3.991714537e-13,+2.211387285e-13,-5.178421610e-14,-1.885952395e-14,-7.334235672e-14,+4.104772975e-15,-9.971580531e-14,+1.400124642e-14,+7.562936571e-14,+3.718784484e-15,-5.891048755e-15,+5.235583048e-15,-1.894855397e-14,+1.244787156e-13,+6.022034287e-14,+3.084723566e-15,-3.470106945e-15,-3.293886623e-15,+2.417519585e-15,-4.653309546e-15,+7.516775924e-08,+4.213979625e-16,+3.484669676e-15 },
  {-5.478896844e-09,+3.397159914e-13,+3.278173848e-14,+3.216791450e-13,+2.045838889e-14,+2.461583452e-13,+2.133792549e-13,-6.755938114e-14,+2.715321163e-14,-6.116524214e-14,-2.687876436e-13,+8.553315370e-14,-1.887154762e-13,-3.583827387e-13,-2.176853688e-13,+4.061620936e-14,+9.815073194e-16,+3.645157004e-15,-2.425016562e-14,-4.082081568e-14,-2.653370143e-15,+3.033195283e-15,+1.838186577e-14,+4.080442937e-15,-4.328524700e-15,+5.577675470e-16,-6.409243030e-15,+1.816222723e-14,+1.156473523e-14,+1.616256233e-15,-4.199724735e-16,+5.529653412e-18,+1.471134692e-16,-1.986992148e-15,+4.213979625e-16,+7.516776942e-08,+3.733380634e-16 },
  {+5.110041901e-11,-4.453898342e-14,-6.012317509e-14,-1.089806793e-13,+2.173682798e-15,-5.577562233e-14,-1.418249621e-13,+4.463494046e-14,-1.978187876e-14,-4.242781951e-15,+3.419370763e-14,-1.965414780e-14,-2.282555563e-14,+1.962383948e-13,+3.949952731e-14,-6.173690647e-14,+1.967596642e-14,+8.881247854e-15,+1.519810485e-14,-2.193042698e-14,+3.597240982e-14,-3.676733612e-15,-1.898542058e-14,+6.750039761e-16,+1.042321998e-17,-1.679203800e-15,+3.836759206e-15,-3.714920022e-14,-1.658279325e-14,-3.429794444e-16,+1.079748595e-15,+1.229117914e-15,-8.116785484e-16,+7.436851990e-16,+3.484669676e-15,+3.733380634e-16,+7.516776721e-08 }   }
{ {+2.035496281e-13,+0.000000000e+00,+0.000000000e+00,+0.000000000e+00,+0.000000000e+00,+0.000000000e+00 },
  {+0.000000000e+00,+2.035496281e-13,+0.000000000e+00,+0.000000000e+00,+0.000000000e+00,+0.000000000e+00 },
  {+0.000000000e+00,+0.000000000e+00,+2.121067228e-06,+0.000000000e+00,+0.000000000e+00,+0.000000000e+00 },
  {+0.000000000e+00,+0.000000000e+00,+0.000000000e+00,+2.035496281e-13,+0.000000000e+00,+0.000000000e+00 },
  {+0.000000000e+00,+0.000000000e+00,+0.000000000e+00,+0.000000000e+00,+2.035496281e-13,+0.000000000e+00 },
  {+0.000000000e+00,+0.000000000e+00,+0.000000000e+00,+0.000000000e+00,+0.000000000e+00,+2.035496281e-13 }   }
{ {+9.916961558e-07,+9.362344606e-07,+1.938144115e-07,-1.647765329e-07,+1.745394068e-07,-8.013218369e-12 },
  {+9.362344606e-07,+1.129371072e-06,+2.533026386e-07,-1.987684253e-07,+1.647787002e-07,-9.663557197e-12 },
  {+1.938144115e-07,+2.533026386e-07,+1.953883432e-07,-4.458106481e-08,+3.411285550e-08,-2.167228040e-12 },
  {-1.647765329e-07,-1.987684253e-07,-4.458106481e-08,+3.498329508e-08,-2.900092237e-08,+1.700778506e-12 },
  {+1.745394068e-07,+1.647787002e-07,+3.411285550e-08,-2.900092237e-08,+3.071929877e-08,-1.410338708e-12 },
  {-8.013218369e-12,-9.663557197e-12,-2.167228040e-12,+1.700778506e-12,-1.410338708e-12,+2.077796130e-13 }   }
{ {+8.210921059e-07,-9.310149988e-07,+4.774986554e-07,-9.040761257e-08,+1.091321530e-07,+3.682478633e-07 },
  {-9.310149988e-07,+1.299975122e-06,-8.019542331e-07,+1.259353459e-07,-2.273011880e-07,-5.146620500e-07 },
  {+4.774986554e-07,-8.019542331e-07,+1.741040432e-06,-7.492061693e-08,+6.451304522e-07,+3.177097415e-07 },
  {-9.040761257e-08,+1.259353459e-07,-7.492061693e-08,+2.153740482e-08,-2.089818580e-08,-4.985780612e-08 },
  {+1.091321530e-07,-2.273011880e-07,+6.451304522e-07,-2.089818580e-08,+2.550416303e-07,+9.010804419e-08 },
  {+3.682478633e-07,-5.146620500e-07,+3.177097415e-07,-4.985780612e-08,+9.010804419e-08,+2.130879223e-07 }   }
{ {+9.394953809e-07,+2.162745471e-07,-3.619980190e-07,-2.359180240e-08,-2.516152913e-08,-7.626356961e-08 },
  {+2.162745471e-07,+1.181571847e-06,-1.529418363e-07,+1.872709624e-08,-5.875464916e-09,-1.891407045e-08 },
  {-3.619980190e-07,-1.529418363e-07,+7.088344421e-07,+5.331215962e-08,+1.037722796e-08,+2.946767648e-08 },
  {-2.359180240e-08,+1.872709624e-08,+5.331215962e-08,+4.061888814e-08,+6.848753873e-10,+1.886124455e-09 },
  {-2.516152913e-08,-5.875464916e-09,+1.037722796e-08,+6.848753873e-10,+3.648789948e-08,+2.042665915e-09 },
  {-7.626356961e-08,-1.891407045e-08,+2.946767648e-08,+1.886124455e-09,+2.042665915e-09,+4.200593859e-08 }   }
{ {+1.034262739e-06,-1.112429346e-08,-1.731498075e-07,+4.176618182e-09,+3.883075317e-08,+2.245360646e-08 },
  {-1.112429346e-08,+6.140670846e-07,-9.504936900e-09,-2.279977713e-08,-4.122363742e-10,+4.992871523e-11 },
  {-1.731498075e-07,-9.504936900e-09,+9.761482071e-07,-2.083992105e-08,-6.950699599e-09,-3.764385450e-09 },
  {+4.176618182e-09,-2.279977713e-08,-2.083992105e-08,+3.729963545e-08,+1.663683630e-10,+7.987279985e-11 },
  {+3.883075317e-08,-4.122363742e-10,-6.950699599e-09,+1.663683630e-10,+3.745111883e-08,+8.429550722e-10 },
  {+2.245360646e-08,+4.992871523e-11,-3.764385450e-09,+7.987279985e-11,+8.429550722e-10,+3.648032892e-08 }   }
{ {+9.696103257e-07,+3.675853751e-08,-7.191924454e-07,-1.717991853e-09,+6.886614433e-08,+1.203605105e-09 },
  {+3.675853751e-08,+1.040800621e-06,-4.197868903e-07,-7.279813557e-08,+2.923872262e-09,+8.747950586e-10 },
  {-7.191924454e-07,-4.197868903e-07,+7.719941670e-06,+2.021738101e-08,-5.681310617e-08,-1.205880402e-09 },
  {-1.717991853e-09,-7.279813557e-08,+2.021738101e-08,+4.186302568e-08,-1.371307517e-10,-6.015342433e-11 },
  {+6.886614433e-08,+2.923872262e-09,-5.681310617e-08,-1.371307517e-10,+4.165589079e-08,+8.573476675e-11 },
  {+1.203605105e-09,+8.747950586e-10,-1.205880402e-09,-6.015342433e-11,+8.573476675e-11,+3.676227578e-08 }   }
}
    main loop time = 0.081677
        total time = 0.084788
  file  check time = 0.000000
  file change time = 0.000008
  file   read time = 0.003103
SDPA end at [Sat Oct 27 18:48:48 2018]
ALL TIME = 0.087164
