SDPA start at [Fri Oct 19 18:55:29 2018]
param  is tmp/sdpa_dat/param.sdpa 
data   is tmp/sdpa_dat/sdp.dat-s  : sparse
out    is tmp/sdpa_dat/sdpa.out
NumThreads  is set as 1
Schur computation : DENSE 
   mu      thetaP  thetaD  objP      objD      alphaP  alphaD  beta 
 0 1.0e+04 1.0e+00 1.0e+00 -0.00e+00 +1.89e+06 7.5e-01 7.9e-01 2.00e-01
 1 3.3e+03 2.5e-01 2.1e-01 +1.43e+04 +4.08e+05 8.3e-01 8.3e-01 2.00e-01
 2 8.4e+02 4.3e-02 3.6e-02 +1.83e+04 +7.47e+04 8.6e-01 8.5e-01 2.00e-01
 3 2.4e+02 5.9e-03 5.4e-03 +1.90e+04 +1.92e+04 8.7e-01 8.7e-01 2.00e-01
 4 7.0e+01 8.0e-04 6.9e-04 +1.90e+04 +1.61e+04 7.1e-01 8.7e-01 2.00e-01
 5 2.1e+01 2.4e-04 8.7e-05 +1.90e+04 +1.78e+04 7.2e-01 7.5e-01 2.00e-01
 6 8.1e+00 6.5e-05 2.2e-05 +1.90e+04 +1.85e+04 9.9e-01 9.0e-01 2.00e-01
 7 2.1e+00 7.2e-07 2.3e-06 +1.90e+04 +1.88e+04 1.0e+00 8.9e-01 2.00e-01
 8 5.7e-01 2.4e-16 2.5e-07 +1.90e+04 +1.89e+04 1.1e+00 9.0e-01 2.00e-01
 9 1.5e-01 4.0e-16 2.5e-08 +1.90e+04 +1.90e+04 1.2e+00 8.3e-01 2.00e-01
10 4.6e-02 2.3e-15 4.3e-09 +1.90e+04 +1.90e+04 1.2e+00 9.0e-01 2.00e-01
11 1.1e-02 1.6e-15 4.3e-10 +1.90e+04 +1.90e+04 1.1e+00 8.9e-01 2.00e-01
12 3.0e-03 1.5e-15 1.4e-09 +1.90e+04 +1.90e+04 1.1e+00 9.0e-01 2.00e-01
13 7.8e-04 2.7e-15 7.3e-09 +1.90e+04 +1.90e+04 1.2e+00 9.7e-01 2.00e-01
14 1.7e-04 5.6e-15 2.3e-10 +1.90e+04 +1.90e+04 9.7e-01 8.6e-01 1.00e-01
15 3.7e-05 6.5e-15 6.0e-10 +1.90e+04 +1.90e+04 1.2e+00 1.0e+00 2.00e-01
16 6.9e-06 5.4e-15 2.5e-12 +1.90e+04 +1.90e+04 1.2e+00 1.0e+00 2.00e-01

phase.value  = pdOPT     
   Iteration = 16
          mu = +6.8734436925742771e-06
relative gap = +2.3150731608205970e-08
        gap  = +4.3901798926526681e-04
     digits  = +7.6354352798777247e+00
objValPrimal = +1.8963460929737834e+04
objValDual   = +1.8963460490719845e+04
p.feas.error = +1.0198708197406425e-10
d.feas.error = +7.3669070843607187e-10
total time   = 0.053008
** Parameters **
maxIteration = 100
epsilonStar  = +9.9999999999999995e-08
lambdaStar   = +1.0000000000000000e+02
omegaStar    = +2.0000000000000000e+00
lowerBound   = -1.0000000000000000e+05
upperBound   = +1.0000000000000000e+05
betaStar     = +1.0000000000000001e-01
betaBar      = +2.0000000000000001e-01
gammaStar    = +9.0000000000000002e-01
epsilonDash  = +9.9999999999999995e-08
xPrint       = %+14.9e 
XPrint       = %+14.9e 
YPrint       = %+14.9e 
infPrint     = %+10.16e 

                         Time(sec)  Ratio(% : MainLoop) 
 Predictor time  =       0.041360,  81.418926
 Corrector time  =       0.002314,  4.555208
 Make bMat time  =       0.038680,  76.143231
 Make bDia time  =       0.000000,  0.000000
 Make bF1  time  =       0.000000,  0.000000
 Make bF2  time  =       0.000000,  0.000000
 Make bF3  time  =       0.000000,  0.000000
 Make bPRE time  =       0.000875,  1.722475
 Make rMat time  =       0.000961,  1.891770
 Make gVec Mul   =       0.000552,  1.086636
 Make gVec time  =       0.000734,  1.444910
 Cholesky bMat   =       0.000765,  1.505935
 Ste Pre time    =       0.000005,  0.009843
 Ste Cor time    =       0.004153,  8.175358
 solve           =       0.000194,  0.381897
 sumDz           =       0.000398,  0.783480
 makedX          =       0.001675,  3.297309
 symmetriseDx    =       0.000121,  0.238194
 makedXdZ        =       0.002201,  4.332762
 xMatTime        =       0.000704,  1.385854
 zMatTime        =       0.001107,  2.179177
 invzMatTime     =       0.000000,  0.000000
 xMatzMatTime    =       0.000000,  0.000000
 EigxMatTime     =       0.002157,  4.246147
 EigzMatTime     =       0.001881,  3.702829
 EigxMatzMatTime =       0.000000,  0.000000
 updateRes       =       0.000337,  0.663399
 EigTime         =       0.004038,  7.948975
 sub_total_bMat  =       0.012119,  23.856769
 Main Loop       =       0.050799,  100.000000
 File Check      =       0.000000,  0.000000
 File Change     =       0.000001,  0.001969
 File Read       =       0.002208,  4.346542
 Total           =       0.053008,  104.348511

xVec = 
{+1.896346093e+04,+4.911059636e+05,-0.000000000e+00,-0.000000000e+00,+4.911059636e+05,-0.000000000e+00,+1.323628332e-06,-0.000000000e+00,-0.000000000e+00,-0.000000000e+00,+4.911059636e+05,+1.271291939e+04,-5.780700433e-02,+3.890278353e-01,+1.271308059e+04,+1.147762075e-02,+3.655308727e-03,+2.230742290e+00,+2.357166549e-02,-7.223313934e+04,+4.104198300e+05,+5.221669718e-01,+3.423912682e-01,-3.634015178e-02,+7.976839645e-01,+5.213027137e-02,+6.833358280e-01,+1.733558827e+00,-4.015616093e-02,+7.645754932e-01,+6.910659908e+00,+1.767230440e-01,+8.244230619e-02,+5.031904110e-02,+1.328360729e-01,+7.027697897e-03,+1.721895039e-02,+1.399797675e-03,-9.061414881e-04,-4.231794341e-03,+2.410646267e-03,+1.834593244e-01,+1.277613017e-02,+5.873102689e-02,+1.787835453e-01,+2.655707675e-02,+2.563791203e-02,+5.847611194e-02,+1.639570544e-01,-4.965042431e-01,+6.960811611e+00,+1.263160097e-01,+1.726309632e-02,+1.576572803e-02,+9.597339443e-02,+2.402604130e-02,+7.791199678e-03,-3.444342160e-03,+1.449673645e-02,-1.774564754e-01,+1.848167915e+00}
xMat = 
{
{ {+2.843984497e+01,+2.927460821e-02,+1.453501669e-02,+1.670908653e-02,+1.438483097e-02,+1.614906883e-02,-4.695620081e-04,-6.645465941e-03,+3.887833449e-04,-9.715394498e-03,-2.088897567e-02,-9.604949738e-03,-1.673385565e-03,+6.989556858e-03,-1.153376601e-03,+3.103723574e-03,-3.853321962e-03,-9.336469085e-03,-2.534863622e-02,-1.318049835e-02,-6.979939912e-02,-2.727325710e-03,+1.513200679e-02,-1.548936145e-02,+1.523178629e-02,-2.521830361e-01,-5.970273802e-02,+6.013919648e-01,-9.951726288e-02,+4.781480195e-02,+2.241285687e-01,-1.538335882e-01,+4.993575061e-01,-1.382619882e+00,+5.009277142e+00,-5.776475696e-01,-5.730139912e-01 },
  {+2.927460821e-02,+1.000000000e+00,+0.000000000e+00,+0.000000000e+00,+0.000000000e+00,+0.000000000e+00,+0.000000000e+00,+0.000000000e+00,+0.000000000e+00,+0.000000000e+00,+0.000000000e+00,+0.000000000e+00,+0.000000000e+00,+0.000000000e+00,+0.000000000e+00,+0.000000000e+00,+0.000000000e+00,+0.000000000e+00,+0.000000000e+00,+0.000000000e+00,+0.000000000e+00,+0.000000000e+00,+0.000000000e+00,+0.000000000e+00,+0.000000000e+00,+0.000000000e+00,+0.000000000e+00,+0.000000000e+00,+0.000000000e+00,+0.000000000e+00,+0.000000000e+00,+0.000000000e+00,+0.000000000e+00,+0.000000000e+00,+0.000000000e+00,+0.000000000e+00,+0.000000000e+00 },
  {+1.453501669e-02,+0.000000000e+00,+1.000000000e+00,+0.000000000e+00,+0.000000000e+00,+0.000000000e+00,+0.000000000e+00,+0.000000000e+00,+0.000000000e+00,+0.000000000e+00,+0.000000000e+00,+0.000000000e+00,+0.000000000e+00,+0.000000000e+00,+0.000000000e+00,+0.000000000e+00,+0.000000000e+00,+0.000000000e+00,+0.000000000e+00,+0.000000000e+00,+0.000000000e+00,+0.000000000e+00,+0.000000000e+00,+0.000000000e+00,+0.000000000e+00,+0.000000000e+00,+0.000000000e+00,+0.000000000e+00,+0.000000000e+00,+0.000000000e+00,+0.000000000e+00,+0.000000000e+00,+0.000000000e+00,+0.000000000e+00,+0.000000000e+00,+0.000000000e+00,+0.000000000e+00 },
  {+1.670908653e-02,+0.000000000e+00,+0.000000000e+00,+1.000000000e+00,+0.000000000e+00,+0.000000000e+00,+0.000000000e+00,+0.000000000e+00,+0.000000000e+00,+0.000000000e+00,+0.000000000e+00,+0.000000000e+00,+0.000000000e+00,+0.000000000e+00,+0.000000000e+00,+0.000000000e+00,+0.000000000e+00,+0.000000000e+00,+0.000000000e+00,+0.000000000e+00,+0.000000000e+00,+0.000000000e+00,+0.000000000e+00,+0.000000000e+00,+0.000000000e+00,+0.000000000e+00,+0.000000000e+00,+0.000000000e+00,+0.000000000e+00,+0.000000000e+00,+0.000000000e+00,+0.000000000e+00,+0.000000000e+00,+0.000000000e+00,+0.000000000e+00,+0.000000000e+00,+0.000000000e+00 },
  {+1.438483097e-02,+0.000000000e+00,+0.000000000e+00,+0.000000000e+00,+1.000000000e+00,+0.000000000e+00,+0.000000000e+00,+0.000000000e+00,+0.000000000e+00,+0.000000000e+00,+0.000000000e+00,+0.000000000e+00,+0.000000000e+00,+0.000000000e+00,+0.000000000e+00,+0.000000000e+00,+0.000000000e+00,+0.000000000e+00,+0.000000000e+00,+0.000000000e+00,+0.000000000e+00,+0.000000000e+00,+0.000000000e+00,+0.000000000e+00,+0.000000000e+00,+0.000000000e+00,+0.000000000e+00,+0.000000000e+00,+0.000000000e+00,+0.000000000e+00,+0.000000000e+00,+0.000000000e+00,+0.000000000e+00,+0.000000000e+00,+0.000000000e+00,+0.000000000e+00,+0.000000000e+00 },
  {+1.614906883e-02,+0.000000000e+00,+0.000000000e+00,+0.000000000e+00,+0.000000000e+00,+1.000000000e+00,+0.000000000e+00,+0.000000000e+00,+0.000000000e+00,+0.000000000e+00,+0.000000000e+00,+0.000000000e+00,+0.000000000e+00,+0.000000000e+00,+0.000000000e+00,+0.000000000e+00,+0.000000000e+00,+0.000000000e+00,+0.000000000e+00,+0.000000000e+00,+0.000000000e+00,+0.000000000e+00,+0.000000000e+00,+0.000000000e+00,+0.000000000e+00,+0.000000000e+00,+0.000000000e+00,+0.000000000e+00,+0.000000000e+00,+0.000000000e+00,+0.000000000e+00,+0.000000000e+00,+0.000000000e+00,+0.000000000e+00,+0.000000000e+00,+0.000000000e+00,+0.000000000e+00 },
  {-4.695620081e-04,+0.000000000e+00,+0.000000000e+00,+0.000000000e+00,+0.000000000e+00,+0.000000000e+00,+1.000000000e+00,+0.000000000e+00,+0.000000000e+00,+0.000000000e+00,+0.000000000e+00,+0.000000000e+00,+0.000000000e+00,+0.000000000e+00,+0.000000000e+00,+0.000000000e+00,+0.000000000e+00,+0.000000000e+00,+0.000000000e+00,+0.000000000e+00,+0.000000000e+00,+0.000000000e+00,+0.000000000e+00,+0.000000000e+00,+0.000000000e+00,+0.000000000e+00,+0.000000000e+00,+0.000000000e+00,+0.000000000e+00,+0.000000000e+00,+0.000000000e+00,+0.000000000e+00,+0.000000000e+00,+0.000000000e+00,+0.000000000e+00,+0.000000000e+00,+0.000000000e+00 },
  {-6.645465941e-03,+0.000000000e+00,+0.000000000e+00,+0.000000000e+00,+0.000000000e+00,+0.000000000e+00,+0.000000000e+00,+1.000000000e+00,+0.000000000e+00,+0.000000000e+00,+0.000000000e+00,+0.000000000e+00,+0.000000000e+00,+0.000000000e+00,+0.000000000e+00,+0.000000000e+00,+0.000000000e+00,+0.000000000e+00,+0.000000000e+00,+0.000000000e+00,+0.000000000e+00,+0.000000000e+00,+0.000000000e+00,+0.000000000e+00,+0.000000000e+00,+0.000000000e+00,+0.000000000e+00,+0.000000000e+00,+0.000000000e+00,+0.000000000e+00,+0.000000000e+00,+0.000000000e+00,+0.000000000e+00,+0.000000000e+00,+0.000000000e+00,+0.000000000e+00,+0.000000000e+00 },
  {+3.887833449e-04,+0.000000000e+00,+0.000000000e+00,+0.000000000e+00,+0.000000000e+00,+0.000000000e+00,+0.000000000e+00,+0.000000000e+00,+1.000000000e+00,+0.000000000e+00,+0.000000000e+00,+0.000000000e+00,+0.000000000e+00,+0.000000000e+00,+0.000000000e+00,+0.000000000e+00,+0.000000000e+00,+0.000000000e+00,+0.000000000e+00,+0.000000000e+00,+0.000000000e+00,+0.000000000e+00,+0.000000000e+00,+0.000000000e+00,+0.000000000e+00,+0.000000000e+00,+0.000000000e+00,+0.000000000e+00,+0.000000000e+00,+0.000000000e+00,+0.000000000e+00,+0.000000000e+00,+0.000000000e+00,+0.000000000e+00,+0.000000000e+00,+0.000000000e+00,+0.000000000e+00 },
  {-9.715394498e-03,+0.000000000e+00,+0.000000000e+00,+0.000000000e+00,+0.000000000e+00,+0.000000000e+00,+0.000000000e+00,+0.000000000e+00,+0.000000000e+00,+1.000000000e+00,+0.000000000e+00,+0.000000000e+00,+0.000000000e+00,+0.000000000e+00,+0.000000000e+00,+0.000000000e+00,+0.000000000e+00,+0.000000000e+00,+0.000000000e+00,+0.000000000e+00,+0.000000000e+00,+0.000000000e+00,+0.000000000e+00,+0.000000000e+00,+0.000000000e+00,+0.000000000e+00,+0.000000000e+00,+0.000000000e+00,+0.000000000e+00,+0.000000000e+00,+0.000000000e+00,+0.000000000e+00,+0.000000000e+00,+0.000000000e+00,+0.000000000e+00,+0.000000000e+00,+0.000000000e+00 },
  {-2.088897567e-02,+0.000000000e+00,+0.000000000e+00,+0.000000000e+00,+0.000000000e+00,+0.000000000e+00,+0.000000000e+00,+0.000000000e+00,+0.000000000e+00,+0.000000000e+00,+1.000000000e+00,+0.000000000e+00,+0.000000000e+00,+0.000000000e+00,+0.000000000e+00,+0.000000000e+00,+0.000000000e+00,+0.000000000e+00,+0.000000000e+00,+0.000000000e+00,+0.000000000e+00,+0.000000000e+00,+0.000000000e+00,+0.000000000e+00,+0.000000000e+00,+0.000000000e+00,+0.000000000e+00,+0.000000000e+00,+0.000000000e+00,+0.000000000e+00,+0.000000000e+00,+0.000000000e+00,+0.000000000e+00,+0.000000000e+00,+0.000000000e+00,+0.000000000e+00,+0.000000000e+00 },
  {-9.604949738e-03,+0.000000000e+00,+0.000000000e+00,+0.000000000e+00,+0.000000000e+00,+0.000000000e+00,+0.000000000e+00,+0.000000000e+00,+0.000000000e+00,+0.000000000e+00,+0.000000000e+00,+1.000000000e+00,+0.000000000e+00,+0.000000000e+00,+0.000000000e+00,+0.000000000e+00,+0.000000000e+00,+0.000000000e+00,+0.000000000e+00,+0.000000000e+00,+0.000000000e+00,+0.000000000e+00,+0.000000000e+00,+0.000000000e+00,+0.000000000e+00,+0.000000000e+00,+0.000000000e+00,+0.000000000e+00,+0.000000000e+00,+0.000000000e+00,+0.000000000e+00,+0.000000000e+00,+0.000000000e+00,+0.000000000e+00,+0.000000000e+00,+0.000000000e+00,+0.000000000e+00 },
  {-1.673385565e-03,+0.000000000e+00,+0.000000000e+00,+0.000000000e+00,+0.000000000e+00,+0.000000000e+00,+0.000000000e+00,+0.000000000e+00,+0.000000000e+00,+0.000000000e+00,+0.000000000e+00,+0.000000000e+00,+1.000000000e+00,+0.000000000e+00,+0.000000000e+00,+0.000000000e+00,+0.000000000e+00,+0.000000000e+00,+0.000000000e+00,+0.000000000e+00,+0.000000000e+00,+0.000000000e+00,+0.000000000e+00,+0.000000000e+00,+0.000000000e+00,+0.000000000e+00,+0.000000000e+00,+0.000000000e+00,+0.000000000e+00,+0.000000000e+00,+0.000000000e+00,+0.000000000e+00,+0.000000000e+00,+0.000000000e+00,+0.000000000e+00,+0.000000000e+00,+0.000000000e+00 },
  {+6.989556858e-03,+0.000000000e+00,+0.000000000e+00,+0.000000000e+00,+0.000000000e+00,+0.000000000e+00,+0.000000000e+00,+0.000000000e+00,+0.000000000e+00,+0.000000000e+00,+0.000000000e+00,+0.000000000e+00,+0.000000000e+00,+1.000000000e+00,+0.000000000e+00,+0.000000000e+00,+0.000000000e+00,+0.000000000e+00,+0.000000000e+00,+0.000000000e+00,+0.000000000e+00,+0.000000000e+00,+0.000000000e+00,+0.000000000e+00,+0.000000000e+00,+0.000000000e+00,+0.000000000e+00,+0.000000000e+00,+0.000000000e+00,+0.000000000e+00,+0.000000000e+00,+0.000000000e+00,+0.000000000e+00,+0.000000000e+00,+0.000000000e+00,+0.000000000e+00,+0.000000000e+00 },
  {-1.153376601e-03,+0.000000000e+00,+0.000000000e+00,+0.000000000e+00,+0.000000000e+00,+0.000000000e+00,+0.000000000e+00,+0.000000000e+00,+0.000000000e+00,+0.000000000e+00,+0.000000000e+00,+0.000000000e+00,+0.000000000e+00,+0.000000000e+00,+1.000000000e+00,+0.000000000e+00,+0.000000000e+00,+0.000000000e+00,+0.000000000e+00,+0.000000000e+00,+0.000000000e+00,+0.000000000e+00,+0.000000000e+00,+0.000000000e+00,+0.000000000e+00,+0.000000000e+00,+0.000000000e+00,+0.000000000e+00,+0.000000000e+00,+0.000000000e+00,+0.000000000e+00,+0.000000000e+00,+0.000000000e+00,+0.000000000e+00,+0.000000000e+00,+0.000000000e+00,+0.000000000e+00 },
  {+3.103723574e-03,+0.000000000e+00,+0.000000000e+00,+0.000000000e+00,+0.000000000e+00,+0.000000000e+00,+0.000000000e+00,+0.000000000e+00,+0.000000000e+00,+0.000000000e+00,+0.000000000e+00,+0.000000000e+00,+0.000000000e+00,+0.000000000e+00,+0.000000000e+00,+1.000000000e+00,+0.000000000e+00,+0.000000000e+00,+0.000000000e+00,+0.000000000e+00,+0.000000000e+00,+0.000000000e+00,+0.000000000e+00,+0.000000000e+00,+0.000000000e+00,+0.000000000e+00,+0.000000000e+00,+0.000000000e+00,+0.000000000e+00,+0.000000000e+00,+0.000000000e+00,+0.000000000e+00,+0.000000000e+00,+0.000000000e+00,+0.000000000e+00,+0.000000000e+00,+0.000000000e+00 },
  {-3.853321962e-03,+0.000000000e+00,+0.000000000e+00,+0.000000000e+00,+0.000000000e+00,+0.000000000e+00,+0.000000000e+00,+0.000000000e+00,+0.000000000e+00,+0.000000000e+00,+0.000000000e+00,+0.000000000e+00,+0.000000000e+00,+0.000000000e+00,+0.000000000e+00,+0.000000000e+00,+1.000000000e+00,+0.000000000e+00,+0.000000000e+00,+0.000000000e+00,+0.000000000e+00,+0.000000000e+00,+0.000000000e+00,+0.000000000e+00,+0.000000000e+00,+0.000000000e+00,+0.000000000e+00,+0.000000000e+00,+0.000000000e+00,+0.000000000e+00,+0.000000000e+00,+0.000000000e+00,+0.000000000e+00,+0.000000000e+00,+0.000000000e+00,+0.000000000e+00,+0.000000000e+00 },
  {-9.336469085e-03,+0.000000000e+00,+0.000000000e+00,+0.000000000e+00,+0.000000000e+00,+0.000000000e+00,+0.000000000e+00,+0.000000000e+00,+0.000000000e+00,+0.000000000e+00,+0.000000000e+00,+0.000000000e+00,+0.000000000e+00,+0.000000000e+00,+0.000000000e+00,+0.000000000e+00,+0.000000000e+00,+1.000000000e+00,+0.000000000e+00,+0.000000000e+00,+0.000000000e+00,+0.000000000e+00,+0.000000000e+00,+0.000000000e+00,+0.000000000e+00,+0.000000000e+00,+0.000000000e+00,+0.000000000e+00,+0.000000000e+00,+0.000000000e+00,+0.000000000e+00,+0.000000000e+00,+0.000000000e+00,+0.000000000e+00,+0.000000000e+00,+0.000000000e+00,+0.000000000e+00 },
  {-2.534863622e-02,+0.000000000e+00,+0.000000000e+00,+0.000000000e+00,+0.000000000e+00,+0.000000000e+00,+0.000000000e+00,+0.000000000e+00,+0.000000000e+00,+0.000000000e+00,+0.000000000e+00,+0.000000000e+00,+0.000000000e+00,+0.000000000e+00,+0.000000000e+00,+0.000000000e+00,+0.000000000e+00,+0.000000000e+00,+1.000000000e+00,+0.000000000e+00,+0.000000000e+00,+0.000000000e+00,+0.000000000e+00,+0.000000000e+00,+0.000000000e+00,+0.000000000e+00,+0.000000000e+00,+0.000000000e+00,+0.000000000e+00,+0.000000000e+00,+0.000000000e+00,+0.000000000e+00,+0.000000000e+00,+0.000000000e+00,+0.000000000e+00,+0.000000000e+00,+0.000000000e+00 },
  {-1.318049835e-02,+0.000000000e+00,+0.000000000e+00,+0.000000000e+00,+0.000000000e+00,+0.000000000e+00,+0.000000000e+00,+0.000000000e+00,+0.000000000e+00,+0.000000000e+00,+0.000000000e+00,+0.000000000e+00,+0.000000000e+00,+0.000000000e+00,+0.000000000e+00,+0.000000000e+00,+0.000000000e+00,+0.000000000e+00,+0.000000000e+00,+1.000000000e+00,+0.000000000e+00,+0.000000000e+00,+0.000000000e+00,+0.000000000e+00,+0.000000000e+00,+0.000000000e+00,+0.000000000e+00,+0.000000000e+00,+0.000000000e+00,+0.000000000e+00,+0.000000000e+00,+0.000000000e+00,+0.000000000e+00,+0.000000000e+00,+0.000000000e+00,+0.000000000e+00,+0.000000000e+00 },
  {-6.979939912e-02,+0.000000000e+00,+0.000000000e+00,+0.000000000e+00,+0.000000000e+00,+0.000000000e+00,+0.000000000e+00,+0.000000000e+00,+0.000000000e+00,+0.000000000e+00,+0.000000000e+00,+0.000000000e+00,+0.000000000e+00,+0.000000000e+00,+0.000000000e+00,+0.000000000e+00,+0.000000000e+00,+0.000000000e+00,+0.000000000e+00,+0.000000000e+00,+1.000000000e+00,+0.000000000e+00,+0.000000000e+00,+0.000000000e+00,+0.000000000e+00,+0.000000000e+00,+0.000000000e+00,+0.000000000e+00,+0.000000000e+00,+0.000000000e+00,+0.000000000e+00,+0.000000000e+00,+0.000000000e+00,+0.000000000e+00,+0.000000000e+00,+0.000000000e+00,+0.000000000e+00 },
  {-2.727325710e-03,+0.000000000e+00,+0.000000000e+00,+0.000000000e+00,+0.000000000e+00,+0.000000000e+00,+0.000000000e+00,+0.000000000e+00,+0.000000000e+00,+0.000000000e+00,+0.000000000e+00,+0.000000000e+00,+0.000000000e+00,+0.000000000e+00,+0.000000000e+00,+0.000000000e+00,+0.000000000e+00,+0.000000000e+00,+0.000000000e+00,+0.000000000e+00,+0.000000000e+00,+1.000000000e+00,+0.000000000e+00,+0.000000000e+00,+0.000000000e+00,+0.000000000e+00,+0.000000000e+00,+0.000000000e+00,+0.000000000e+00,+0.000000000e+00,+0.000000000e+00,+0.000000000e+00,+0.000000000e+00,+0.000000000e+00,+0.000000000e+00,+0.000000000e+00,+0.000000000e+00 },
  {+1.513200679e-02,+0.000000000e+00,+0.000000000e+00,+0.000000000e+00,+0.000000000e+00,+0.000000000e+00,+0.000000000e+00,+0.000000000e+00,+0.000000000e+00,+0.000000000e+00,+0.000000000e+00,+0.000000000e+00,+0.000000000e+00,+0.000000000e+00,+0.000000000e+00,+0.000000000e+00,+0.000000000e+00,+0.000000000e+00,+0.000000000e+00,+0.000000000e+00,+0.000000000e+00,+0.000000000e+00,+1.000000000e+00,+0.000000000e+00,+0.000000000e+00,+0.000000000e+00,+0.000000000e+00,+0.000000000e+00,+0.000000000e+00,+0.000000000e+00,+0.000000000e+00,+0.000000000e+00,+0.000000000e+00,+0.000000000e+00,+0.000000000e+00,+0.000000000e+00,+0.000000000e+00 },
  {-1.548936145e-02,+0.000000000e+00,+0.000000000e+00,+0.000000000e+00,+0.000000000e+00,+0.000000000e+00,+0.000000000e+00,+0.000000000e+00,+0.000000000e+00,+0.000000000e+00,+0.000000000e+00,+0.000000000e+00,+0.000000000e+00,+0.000000000e+00,+0.000000000e+00,+0.000000000e+00,+0.000000000e+00,+0.000000000e+00,+0.000000000e+00,+0.000000000e+00,+0.000000000e+00,+0.000000000e+00,+0.000000000e+00,+1.000000000e+00,+0.000000000e+00,+0.000000000e+00,+0.000000000e+00,+0.000000000e+00,+0.000000000e+00,+0.000000000e+00,+0.000000000e+00,+0.000000000e+00,+0.000000000e+00,+0.000000000e+00,+0.000000000e+00,+0.000000000e+00,+0.000000000e+00 },
  {+1.523178629e-02,+0.000000000e+00,+0.000000000e+00,+0.000000000e+00,+0.000000000e+00,+0.000000000e+00,+0.000000000e+00,+0.000000000e+00,+0.000000000e+00,+0.000000000e+00,+0.000000000e+00,+0.000000000e+00,+0.000000000e+00,+0.000000000e+00,+0.000000000e+00,+0.000000000e+00,+0.000000000e+00,+0.000000000e+00,+0.000000000e+00,+0.000000000e+00,+0.000000000e+00,+0.000000000e+00,+0.000000000e+00,+0.000000000e+00,+1.000000000e+00,+0.000000000e+00,+0.000000000e+00,+0.000000000e+00,+0.000000000e+00,+0.000000000e+00,+0.000000000e+00,+0.000000000e+00,+0.000000000e+00,+0.000000000e+00,+0.000000000e+00,+0.000000000e+00,+0.000000000e+00 },
  {-2.521830361e-01,+0.000000000e+00,+0.000000000e+00,+0.000000000e+00,+0.000000000e+00,+0.000000000e+00,+0.000000000e+00,+0.000000000e+00,+0.000000000e+00,+0.000000000e+00,+0.000000000e+00,+0.000000000e+00,+0.000000000e+00,+0.000000000e+00,+0.000000000e+00,+0.000000000e+00,+0.000000000e+00,+0.000000000e+00,+0.000000000e+00,+0.000000000e+00,+0.000000000e+00,+0.000000000e+00,+0.000000000e+00,+0.000000000e+00,+0.000000000e+00,+1.000000000e+00,+0.000000000e+00,+0.000000000e+00,+0.000000000e+00,+0.000000000e+00,+0.000000000e+00,+0.000000000e+00,+0.000000000e+00,+0.000000000e+00,+0.000000000e+00,+0.000000000e+00,+0.000000000e+00 },
  {-5.970273802e-02,+0.000000000e+00,+0.000000000e+00,+0.000000000e+00,+0.000000000e+00,+0.000000000e+00,+0.000000000e+00,+0.000000000e+00,+0.000000000e+00,+0.000000000e+00,+0.000000000e+00,+0.000000000e+00,+0.000000000e+00,+0.000000000e+00,+0.000000000e+00,+0.000000000e+00,+0.000000000e+00,+0.000000000e+00,+0.000000000e+00,+0.000000000e+00,+0.000000000e+00,+0.000000000e+00,+0.000000000e+00,+0.000000000e+00,+0.000000000e+00,+0.000000000e+00,+1.000000000e+00,+0.000000000e+00,+0.000000000e+00,+0.000000000e+00,+0.000000000e+00,+0.000000000e+00,+0.000000000e+00,+0.000000000e+00,+0.000000000e+00,+0.000000000e+00,+0.000000000e+00 },
  {+6.013919648e-01,+0.000000000e+00,+0.000000000e+00,+0.000000000e+00,+0.000000000e+00,+0.000000000e+00,+0.000000000e+00,+0.000000000e+00,+0.000000000e+00,+0.000000000e+00,+0.000000000e+00,+0.000000000e+00,+0.000000000e+00,+0.000000000e+00,+0.000000000e+00,+0.000000000e+00,+0.000000000e+00,+0.000000000e+00,+0.000000000e+00,+0.000000000e+00,+0.000000000e+00,+0.000000000e+00,+0.000000000e+00,+0.000000000e+00,+0.000000000e+00,+0.000000000e+00,+0.000000000e+00,+1.000000000e+00,+0.000000000e+00,+0.000000000e+00,+0.000000000e+00,+0.000000000e+00,+0.000000000e+00,+0.000000000e+00,+0.000000000e+00,+0.000000000e+00,+0.000000000e+00 },
  {-9.951726288e-02,+0.000000000e+00,+0.000000000e+00,+0.000000000e+00,+0.000000000e+00,+0.000000000e+00,+0.000000000e+00,+0.000000000e+00,+0.000000000e+00,+0.000000000e+00,+0.000000000e+00,+0.000000000e+00,+0.000000000e+00,+0.000000000e+00,+0.000000000e+00,+0.000000000e+00,+0.000000000e+00,+0.000000000e+00,+0.000000000e+00,+0.000000000e+00,+0.000000000e+00,+0.000000000e+00,+0.000000000e+00,+0.000000000e+00,+0.000000000e+00,+0.000000000e+00,+0.000000000e+00,+0.000000000e+00,+1.000000000e+00,+0.000000000e+00,+0.000000000e+00,+0.000000000e+00,+0.000000000e+00,+0.000000000e+00,+0.000000000e+00,+0.000000000e+00,+0.000000000e+00 },
  {+4.781480195e-02,+0.000000000e+00,+0.000000000e+00,+0.000000000e+00,+0.000000000e+00,+0.000000000e+00,+0.000000000e+00,+0.000000000e+00,+0.000000000e+00,+0.000000000e+00,+0.000000000e+00,+0.000000000e+00,+0.000000000e+00,+0.000000000e+00,+0.000000000e+00,+0.000000000e+00,+0.000000000e+00,+0.000000000e+00,+0.000000000e+00,+0.000000000e+00,+0.000000000e+00,+0.000000000e+00,+0.000000000e+00,+0.000000000e+00,+0.000000000e+00,+0.000000000e+00,+0.000000000e+00,+0.000000000e+00,+0.000000000e+00,+1.000000000e+00,+0.000000000e+00,+0.000000000e+00,+0.000000000e+00,+0.000000000e+00,+0.000000000e+00,+0.000000000e+00,+0.000000000e+00 },
  {+2.241285687e-01,+0.000000000e+00,+0.000000000e+00,+0.000000000e+00,+0.000000000e+00,+0.000000000e+00,+0.000000000e+00,+0.000000000e+00,+0.000000000e+00,+0.000000000e+00,+0.000000000e+00,+0.000000000e+00,+0.000000000e+00,+0.000000000e+00,+0.000000000e+00,+0.000000000e+00,+0.000000000e+00,+0.000000000e+00,+0.000000000e+00,+0.000000000e+00,+0.000000000e+00,+0.000000000e+00,+0.000000000e+00,+0.000000000e+00,+0.000000000e+00,+0.000000000e+00,+0.000000000e+00,+0.000000000e+00,+0.000000000e+00,+0.000000000e+00,+1.000000000e+00,+0.000000000e+00,+0.000000000e+00,+0.000000000e+00,+0.000000000e+00,+0.000000000e+00,+0.000000000e+00 },
  {-1.538335882e-01,+0.000000000e+00,+0.000000000e+00,+0.000000000e+00,+0.000000000e+00,+0.000000000e+00,+0.000000000e+00,+0.000000000e+00,+0.000000000e+00,+0.000000000e+00,+0.000000000e+00,+0.000000000e+00,+0.000000000e+00,+0.000000000e+00,+0.000000000e+00,+0.000000000e+00,+0.000000000e+00,+0.000000000e+00,+0.000000000e+00,+0.000000000e+00,+0.000000000e+00,+0.000000000e+00,+0.000000000e+00,+0.000000000e+00,+0.000000000e+00,+0.000000000e+00,+0.000000000e+00,+0.000000000e+00,+0.000000000e+00,+0.000000000e+00,+0.000000000e+00,+1.000000000e+00,+0.000000000e+00,+0.000000000e+00,+0.000000000e+00,+0.000000000e+00,+0.000000000e+00 },
  {+4.993575061e-01,+0.000000000e+00,+0.000000000e+00,+0.000000000e+00,+0.000000000e+00,+0.000000000e+00,+0.000000000e+00,+0.000000000e+00,+0.000000000e+00,+0.000000000e+00,+0.000000000e+00,+0.000000000e+00,+0.000000000e+00,+0.000000000e+00,+0.000000000e+00,+0.000000000e+00,+0.000000000e+00,+0.000000000e+00,+0.000000000e+00,+0.000000000e+00,+0.000000000e+00,+0.000000000e+00,+0.000000000e+00,+0.000000000e+00,+0.000000000e+00,+0.000000000e+00,+0.000000000e+00,+0.000000000e+00,+0.000000000e+00,+0.000000000e+00,+0.000000000e+00,+0.000000000e+00,+1.000000000e+00,+0.000000000e+00,+0.000000000e+00,+0.000000000e+00,+0.000000000e+00 },
  {-1.382619882e+00,+0.000000000e+00,+0.000000000e+00,+0.000000000e+00,+0.000000000e+00,+0.000000000e+00,+0.000000000e+00,+0.000000000e+00,+0.000000000e+00,+0.000000000e+00,+0.000000000e+00,+0.000000000e+00,+0.000000000e+00,+0.000000000e+00,+0.000000000e+00,+0.000000000e+00,+0.000000000e+00,+0.000000000e+00,+0.000000000e+00,+0.000000000e+00,+0.000000000e+00,+0.000000000e+00,+0.000000000e+00,+0.000000000e+00,+0.000000000e+00,+0.000000000e+00,+0.000000000e+00,+0.000000000e+00,+0.000000000e+00,+0.000000000e+00,+0.000000000e+00,+0.000000000e+00,+0.000000000e+00,+1.000000000e+00,+0.000000000e+00,+0.000000000e+00,+0.000000000e+00 },
  {+5.009277142e+00,+0.000000000e+00,+0.000000000e+00,+0.000000000e+00,+0.000000000e+00,+0.000000000e+00,+0.000000000e+00,+0.000000000e+00,+0.000000000e+00,+0.000000000e+00,+0.000000000e+00,+0.000000000e+00,+0.000000000e+00,+0.000000000e+00,+0.000000000e+00,+0.000000000e+00,+0.000000000e+00,+0.000000000e+00,+0.000000000e+00,+0.000000000e+00,+0.000000000e+00,+0.000000000e+00,+0.000000000e+00,+0.000000000e+00,+0.000000000e+00,+0.000000000e+00,+0.000000000e+00,+0.000000000e+00,+0.000000000e+00,+0.000000000e+00,+0.000000000e+00,+0.000000000e+00,+0.000000000e+00,+0.000000000e+00,+1.000000000e+00,+0.000000000e+00,+0.000000000e+00 },
  {-5.776475696e-01,+0.000000000e+00,+0.000000000e+00,+0.000000000e+00,+0.000000000e+00,+0.000000000e+00,+0.000000000e+00,+0.000000000e+00,+0.000000000e+00,+0.000000000e+00,+0.000000000e+00,+0.000000000e+00,+0.000000000e+00,+0.000000000e+00,+0.000000000e+00,+0.000000000e+00,+0.000000000e+00,+0.000000000e+00,+0.000000000e+00,+0.000000000e+00,+0.000000000e+00,+0.000000000e+00,+0.000000000e+00,+0.000000000e+00,+0.000000000e+00,+0.000000000e+00,+0.000000000e+00,+0.000000000e+00,+0.000000000e+00,+0.000000000e+00,+0.000000000e+00,+0.000000000e+00,+0.000000000e+00,+0.000000000e+00,+0.000000000e+00,+1.000000000e+00,+0.000000000e+00 },
  {-5.730139912e-01,+0.000000000e+00,+0.000000000e+00,+0.000000000e+00,+0.000000000e+00,+0.000000000e+00,+0.000000000e+00,+0.000000000e+00,+0.000000000e+00,+0.000000000e+00,+0.000000000e+00,+0.000000000e+00,+0.000000000e+00,+0.000000000e+00,+0.000000000e+00,+0.000000000e+00,+0.000000000e+00,+0.000000000e+00,+0.000000000e+00,+0.000000000e+00,+0.000000000e+00,+0.000000000e+00,+0.000000000e+00,+0.000000000e+00,+0.000000000e+00,+0.000000000e+00,+0.000000000e+00,+0.000000000e+00,+0.000000000e+00,+0.000000000e+00,+0.000000000e+00,+0.000000000e+00,+0.000000000e+00,+0.000000000e+00,+0.000000000e+00,+0.000000000e+00,+1.000000000e+00 }   }
{ {+4.911059636e+05,+0.000000000e+00,+0.000000000e+00,+0.000000000e+00,+0.000000000e+00,+0.000000000e+00 },
  {+0.000000000e+00,+4.911059636e+05,+0.000000000e+00,+0.000000000e+00,+0.000000000e+00,+0.000000000e+00 },
  {+0.000000000e+00,+0.000000000e+00,+1.323628332e-06,+0.000000000e+00,+0.000000000e+00,+0.000000000e+00 },
  {+0.000000000e+00,+0.000000000e+00,+0.000000000e+00,+4.911059636e+05,+0.000000000e+00,+0.000000000e+00 },
  {+0.000000000e+00,+0.000000000e+00,+0.000000000e+00,+0.000000000e+00,+4.911059636e+05,+0.000000000e+00 },
  {+0.000000000e+00,+0.000000000e+00,+0.000000000e+00,+0.000000000e+00,+0.000000000e+00,+4.911059636e+05 }   }
{ {+1.271291939e+04,-5.780700433e-02,+3.890278353e-01,+0.000000000e+00,-7.223313934e+04,-2.357166549e-02 },
  {-5.780700433e-02,+1.271308059e+04,+1.147762075e-02,+7.223313934e+04,+0.000000000e+00,+2.230742290e+00 },
  {+3.890278353e-01,+1.147762075e-02,+3.655308727e-03,+2.357166549e-02,-2.230742290e+00,+0.000000000e+00 },
  {+0.000000000e+00,+7.223313934e+04,+2.357166549e-02,+4.104198300e+05,+0.000000000e+00,+0.000000000e+00 },
  {-7.223313934e+04,+0.000000000e+00,-2.230742290e+00,+0.000000000e+00,+4.104198300e+05,+0.000000000e+00 },
  {-2.357166549e-02,+2.230742290e+00,+0.000000000e+00,+0.000000000e+00,+0.000000000e+00,+4.104198300e+05 }   }
{ {+5.221669718e-01,+3.423912682e-01,-3.634015178e-02,+0.000000000e+00,+7.645754932e-01,+4.015616093e-02 },
  {+3.423912682e-01,+7.976839645e-01,+5.213027137e-02,-7.645754932e-01,+0.000000000e+00,+1.733558827e+00 },
  {-3.634015178e-02,+5.213027137e-02,+6.833358280e-01,-4.015616093e-02,-1.733558827e+00,+0.000000000e+00 },
  {+0.000000000e+00,-7.645754932e-01,-4.015616093e-02,+6.910659908e+00,+0.000000000e+00,+0.000000000e+00 },
  {+7.645754932e-01,+0.000000000e+00,-1.733558827e+00,+0.000000000e+00,+6.910659908e+00,+0.000000000e+00 },
  {+4.015616093e-02,+1.733558827e+00,+0.000000000e+00,+0.000000000e+00,+0.000000000e+00,+6.910659908e+00 }   }
{ {+1.767230440e-01,+8.244230619e-02,+5.031904110e-02,+0.000000000e+00,-4.231794341e-03,+9.061414881e-04 },
  {+8.244230619e-02,+1.328360729e-01,+7.027697897e-03,+4.231794341e-03,+0.000000000e+00,+1.399797675e-03 },
  {+5.031904110e-02,+7.027697897e-03,+1.721895039e-02,-9.061414881e-04,-1.399797675e-03,+0.000000000e+00 },
  {+0.000000000e+00,+4.231794341e-03,-9.061414881e-04,+2.410646267e-03,+0.000000000e+00,+0.000000000e+00 },
  {-4.231794341e-03,+0.000000000e+00,-1.399797675e-03,+0.000000000e+00,+2.410646267e-03,+0.000000000e+00 },
  {+9.061414881e-04,+1.399797675e-03,+0.000000000e+00,+0.000000000e+00,+0.000000000e+00,+2.410646267e-03 }   }
{ {+1.834593244e-01,+1.277613017e-02,+5.873102689e-02,+0.000000000e+00,-4.965042431e-01,-1.639570544e-01 },
  {+1.277613017e-02,+1.787835453e-01,+2.655707675e-02,+4.965042431e-01,+0.000000000e+00,+5.847611194e-02 },
  {+5.873102689e-02,+2.655707675e-02,+2.563791203e-02,+1.639570544e-01,-5.847611194e-02,+0.000000000e+00 },
  {+0.000000000e+00,+4.965042431e-01,+1.639570544e-01,+6.960811611e+00,+0.000000000e+00,+0.000000000e+00 },
  {-4.965042431e-01,+0.000000000e+00,-5.847611194e-02,+0.000000000e+00,+6.960811611e+00,+0.000000000e+00 },
  {-1.639570544e-01,+5.847611194e-02,+0.000000000e+00,+0.000000000e+00,+0.000000000e+00,+6.960811611e+00 }   }
{ {+1.263160097e-01,+1.726309632e-02,+1.576572803e-02,+0.000000000e+00,-1.774564754e-01,-1.449673645e-02 },
  {+1.726309632e-02,+9.597339443e-02,+2.402604130e-02,+1.774564754e-01,+0.000000000e+00,-3.444342160e-03 },
  {+1.576572803e-02,+2.402604130e-02,+7.791199678e-03,+1.449673645e-02,+3.444342160e-03,+0.000000000e+00 },
  {+0.000000000e+00,+1.774564754e-01,+1.449673645e-02,+1.848167915e+00,+0.000000000e+00,+0.000000000e+00 },
  {-1.774564754e-01,+0.000000000e+00,+3.444342160e-03,+0.000000000e+00,+1.848167915e+00,+0.000000000e+00 },
  {-1.449673645e-02,-3.444342160e-03,+0.000000000e+00,+0.000000000e+00,+0.000000000e+00,+1.848167915e+00 }   }
}
yMat = 
{
{ {+1.000000000e+00,-2.927597801e-02,-1.453199497e-02,-1.671549459e-02,-1.438535789e-02,-1.615471832e-02,+4.727922691e-04,+6.643125290e-03,-3.878168152e-04,+9.712696128e-03,+2.089126295e-02,+9.606850889e-03,+1.673276519e-03,-6.987459042e-03,+1.154738184e-03,-3.105271791e-03,+3.850861622e-03,+9.338286238e-03,+2.534381631e-02,+1.318669298e-02,+6.980000696e-02,+2.726980424e-03,-1.513210064e-02,+1.549039952e-02,-1.523180112e-02,+2.521840428e-01,+5.970479199e-02,-6.013936423e-01,+9.951984459e-02,-4.781381159e-02,-2.241292313e-01,+1.538338603e-01,-4.993585670e-01,+1.382625323e+00,-5.009276074e+00,+5.776474910e-01,+5.730167146e-01 },
  {-2.927597801e-02,+8.644269697e-04,+4.254384877e-04,+4.893622420e-04,+4.211454131e-04,+4.729449932e-04,-1.384133844e-05,-1.944840805e-04,+1.135375138e-05,-2.843488158e-04,-6.116120944e-04,-2.812498544e-04,-4.898685022e-05,+2.045648015e-04,-3.380604790e-05,+9.090980116e-05,-1.127377952e-04,-2.733874419e-04,-7.419651632e-04,-3.860532149e-04,-2.043463484e-03,-7.983503753e-05,+4.430070456e-04,-4.534965377e-04,+4.459258690e-04,-7.382934449e-03,-1.747916075e-03,+1.760638700e-02,-2.913540695e-03,+1.399796146e-03,+6.561602463e-03,-4.503636705e-03,+1.461921039e-02,-4.047770840e-02,+1.466514563e-01,-1.691119525e-02,-1.677562464e-02 },
  {-1.453199497e-02,+4.254384877e-04,+2.185219587e-04,+2.429112539e-04,+2.090480321e-04,+2.347618485e-04,-6.871595063e-06,-9.653711342e-05,+5.635461905e-06,-1.411436947e-04,-3.035922514e-04,-1.396075890e-04,-2.431565671e-05,+1.015408409e-04,-1.678099884e-05,+4.512636862e-05,-5.596023899e-05,-1.357041133e-04,-3.682949156e-04,-1.916299584e-04,-1.014333205e-03,-3.962830595e-05,+2.198996019e-04,-2.251068938e-04,+2.213485237e-04,-3.664737575e-03,-8.676306812e-04,+8.739449769e-03,-1.446222618e-03,+6.948296318e-04,+3.257044705e-03,-2.235512903e-03,+7.256676445e-03,-2.009230549e-02,+7.279477389e-02,-8.394370325e-03,-8.327076798e-03 },
  {-1.671549459e-02,+4.893622420e-04,+2.429112539e-04,+2.867487633e-04,+2.404582293e-04,+2.700313798e-04,-7.901244040e-06,-1.110444360e-04,+6.483056779e-06,-1.623545369e-04,-3.492068826e-04,-1.605817358e-04,-2.797031795e-05,+1.168003662e-04,-1.930140954e-05,+5.190515293e-05,-6.436986510e-05,-1.560937521e-04,-4.236366861e-04,-2.204203441e-04,-1.166741886e-03,-4.558310457e-05,+2.529405594e-04,-2.589288415e-04,+2.546069776e-04,-4.215380418e-03,-9.979934989e-04,+1.005259149e-02,-1.663522139e-03,+7.992322667e-04,+3.746431221e-03,-2.571409021e-03,+8.347024968e-03,-2.311126391e-02,+8.373252850e-02,-9.655663695e-03,-9.578256430e-03 },
  {-1.438535789e-02,+4.211454131e-04,+2.090480321e-04,+2.404582293e-04,+2.142826098e-04,+2.323912789e-04,-6.801205888e-06,-9.556379655e-05,+5.578907418e-06,-1.397207023e-04,-3.005282535e-04,-1.381979217e-04,-2.407070947e-05,+1.005171691e-04,-1.661129345e-05,+4.467040079e-05,-5.539606083e-05,-1.343345749e-04,-3.645799732e-04,-1.896952149e-04,-1.004098090e-03,-3.922860173e-05,+2.176806831e-04,-2.228349021e-04,+2.191149074e-04,-3.627757682e-03,-8.588747350e-04,+8.651262743e-03,-1.431628523e-03,+6.878188240e-04,+3.224179216e-03,-2.212955132e-03,+7.183451682e-03,-1.988956000e-02,+7.206022916e-02,-8.309665900e-03,-8.243050458e-03 },
  {-1.615471832e-02,+4.729449932e-04,+2.347618485e-04,+2.700313798e-04,+2.323912789e-04,+2.683166106e-04,-7.636314222e-06,-1.073189752e-04,+6.265518863e-06,-1.569076505e-04,-3.374916652e-04,-1.551946218e-04,-2.703190465e-05,+1.128817850e-04,-1.865393134e-05,+5.016390783e-05,-6.221029858e-05,-1.508571004e-04,-4.094242101e-04,-2.130257647e-04,-1.127599670e-03,-4.405384596e-05,+2.444548349e-04,-2.502422927e-04,+2.460653585e-04,-4.073961660e-03,-9.645126611e-04,+9.715344291e-03,-1.607713923e-03,+7.724193266e-04,+3.620744836e-03,-2.485142647e-03,+8.066996589e-03,-2.233592070e-02,+8.092344521e-02,-9.331732670e-03,-9.256922416e-03 },
  {+4.727922691e-04,-1.384133844e-05,-6.871595063e-06,-7.901244040e-06,-6.801205888e-06,-7.636314222e-06,+7.566677344e-06,+3.141544188e-06,-1.836375441e-07,+4.593206213e-06,+9.876722169e-06,+4.541195148e-06,+7.914874528e-07,-3.304466416e-06,+5.456132279e-07,-1.467593106e-06,+1.821105353e-06,+4.414891275e-06,+1.198361369e-05,+6.233596737e-06,+3.300104278e-05,+1.289449690e-06,-7.154347998e-06,+7.323271127e-06,-7.201414553e-06,+1.192303423e-04,+2.822705494e-05,-2.843338904e-04,+4.705150055e-05,-2.260642253e-05,-1.059667186e-04,+7.273144029e-05,-2.360926171e-04,+6.536933490e-04,-2.368347789e-03,+2.731073721e-04,+2.709171158e-04 },
  {+6.643125290e-03,-1.944840805e-04,-9.653711342e-05,-1.110444360e-04,-9.556379655e-05,-1.073189752e-04,+3.141544188e-06,+5.147465161e-05,-2.576100848e-06,+6.452180081e-05,+1.387836646e-04,+6.382016562e-05,+1.111549749e-05,-4.641791515e-05,+7.671329145e-06,-2.062913499e-05,+2.558141361e-05,+6.203554209e-05,+1.683611878e-04,+8.760159571e-05,+4.636900843e-04,+1.811555428e-05,-1.005244343e-04,+1.029050246e-04,-1.011868122e-04,+1.675290440e-03,+3.966271122e-04,-3.995133600e-03,+6.611233423e-04,-3.176328171e-04,-1.488918449e-03,+1.021937622e-03,-3.317301719e-03,+9.184954181e-03,-3.327724797e-02,+3.837384576e-03,+3.806622409e-03 },
  {-3.878168152e-04,+1.135375138e-05,+5.635461905e-06,+6.483056779e-06,+5.578907418e-06,+6.265518863e-06,-1.836375441e-07,-2.576100848e-06,+7.494412169e-06,-3.766415745e-06,-8.102132687e-06,-3.725949923e-06,-6.488136068e-07,+2.709602541e-06,-4.479269363e-07,+1.204441037e-06,-1.493296396e-06,-3.621597171e-06,-9.828387192e-06,-5.114308214e-06,-2.706957515e-05,-1.057523139e-06,+5.868480748e-06,-6.007576547e-06,+5.907167373e-06,-9.780130808e-05,-2.315479160e-05,+2.332306778e-04,-3.859568012e-05,+1.854287514e-05,+8.692103998e-05,-5.965936351e-05,+1.936597240e-04,-5.362057089e-04,+1.942681260e-03,-2.240213794e-04,-2.222257414e-04 },
  {+9.712696128e-03,-2.843488158e-04,-1.411436947e-04,-1.623545369e-04,-1.397207023e-04,-1.569076505e-04,+4.593206213e-06,+6.452180081e-05,-3.766415745e-06,+1.016792460e-04,+2.029110828e-04,+9.330941492e-05,+1.625159238e-05,-6.786606874e-05,+1.121602023e-05,-3.016121286e-05,+3.740171826e-05,+9.070014863e-05,+2.461553085e-04,+1.280794930e-04,+6.779461003e-04,+2.648615156e-05,-1.469734876e-04,+1.504540951e-04,-1.479419263e-04,+2.449387356e-03,+5.798955534e-04,-5.841154146e-03,+9.666068466e-04,-4.644005316e-04,-2.176898948e-03,+1.494141566e-03,-4.850118316e-03,+1.342902105e-02,-4.865357542e-02,+5.610514427e-03,+5.565538110e-03 },
  {+2.089126295e-02,-6.116120944e-04,-3.035922514e-04,-3.492068826e-04,-3.005282535e-04,-3.374916652e-04,+9.876722169e-06,+1.387836646e-04,-8.102132687e-06,+2.029110828e-04,+4.437886941e-04,+2.006988008e-04,+3.495705583e-05,-1.459772953e-04,+2.412375893e-05,-6.487275530e-05,+8.044960143e-05,+1.950884992e-04,+5.294649977e-04,+2.754861536e-04,+1.458210371e-03,+5.697014669e-05,-3.161286967e-04,+3.236137599e-04,-3.182115313e-04,+5.268442978e-03,+1.247308037e-03,-1.256387252e-02,+2.079094865e-03,-9.988911317e-04,-4.682342784e-03,+3.213783613e-03,-1.043223100e-02,+2.888478854e-02,-1.046501041e-01,+1.206778568e-02,+1.197104246e-02 },
  {+9.606850889e-03,-2.812498544e-04,-1.396075890e-04,-1.605817358e-04,-1.381979217e-04,-1.551946218e-04,+4.541195148e-06,+6.382016562e-05,-3.725949923e-06,+9.330941492e-05,+2.006988008e-04,+9.963493798e-05,+1.607523719e-05,-6.712822979e-05,+1.109309403e-05,-2.983139250e-05,+3.699505829e-05,+8.971136204e-05,+2.434753861e-04,+1.266817132e-04,+6.705583698e-04,+2.619782969e-05,-1.453718382e-04,+1.488135420e-04,-1.463295944e-04,+2.422694208e-03,+5.735742640e-04,-5.777498703e-03,+9.560716760e-04,-4.593405224e-04,-2.153176225e-03,+1.477858932e-03,-4.797263071e-03,+1.328267423e-02,-4.812336897e-02,+5.549373403e-03,+5.504885473e-03 },
  {+1.673276519e-03,-4.898685022e-05,-2.431565671e-05,-2.797031795e-05,-2.407070947e-05,-2.703190465e-05,+7.914874528e-07,+1.111549749e-05,-6.488136068e-07,+1.625159238e-05,+3.495705583e-05,+1.607523719e-05,+1.014381270e-05,-1.169162185e-05,+1.932330671e-06,-5.196192652e-06,+6.443375815e-06,+1.562560757e-05,+4.240671723e-05,+2.206537748e-05,+1.167946687e-04,+4.562933546e-06,-2.532018808e-05,+2.591990389e-05,-2.548703335e-05,+4.219737636e-04,+9.990295202e-05,-1.006298015e-03,+1.665244960e-04,-8.000557214e-05,-3.750301331e-04,+2.574066004e-04,-8.355650617e-04,+2.313514964e-03,-8.381903754e-03,+9.665639438e-04,+9.588157004e-04 },
  {-6.987459042e-03,+2.045648015e-04,+1.015408409e-04,+1.168003662e-04,+1.005171691e-04,+1.128817850e-04,-3.304466416e-06,-4.641791515e-05,+2.709602541e-06,-6.786606874e-05,-1.459772953e-04,-6.712822979e-05,-1.169162185e-05,+5.616791951e-05,-8.068989004e-06,+2.169845427e-05,-2.690733480e-05,-6.525105363e-05,-1.770877556e-04,-9.214235169e-05,-4.877245708e-04,-1.905452686e-05,+1.057349277e-04,-1.082389512e-04,+1.064316398e-04,-1.762125959e-03,-4.171855862e-04,+4.202213782e-03,-6.953914740e-04,+3.340966774e-04,+1.566093696e-03,-1.074907819e-03,+3.489247759e-03,-9.661038901e-03,+3.500211071e-02,-4.036288092e-03,-4.003931496e-03 },
  {+1.154738184e-03,-3.380604790e-05,-1.678099884e-05,-1.930140954e-05,-1.661129345e-05,-1.865393134e-05,+5.456132279e-07,+7.671329145e-06,-4.479269363e-07,+1.121602023e-05,+2.412375893e-05,+1.109309403e-05,+1.932330671e-06,-8.068989004e-06,+8.677393243e-06,-3.585577742e-06,+4.446896215e-06,+1.078321250e-05,+2.926591896e-05,+1.522683326e-05,+8.060078344e-05,+3.149003566e-06,-1.747361729e-05,+1.788718807e-05,-1.758871959e-05,+2.912064283e-04,+6.894307788e-05,-6.944520694e-04,+1.149191106e-04,-5.521258481e-05,-2.588106360e-04,+1.776378258e-04,-5.766283148e-04,+1.596569822e-03,-5.784402641e-03,+6.670316522e-04,+6.616840106e-04 },
  {-3.105271791e-03,+9.090980116e-05,+4.512636862e-05,+5.190515293e-05,+4.467040079e-05,+5.016390783e-05,-1.467593106e-06,-2.062913499e-05,+1.204441037e-06,-3.016121286e-05,-6.487275530e-05,-2.983139250e-05,-5.196192652e-06,+2.169845427e-05,-3.585577742e-06,+1.698648331e-05,-1.195823537e-05,-2.899781186e-05,-7.870017142e-05,-4.094769423e-05,-2.167480696e-04,-8.468104859e-06,+4.698928878e-05,-4.810162695e-05,+4.729884814e-05,-7.830998052e-04,-1.853990881e-04,+1.867490491e-03,-3.090357509e-04,+1.484751230e-04,+6.959822627e-04,-4.776959326e-04,+1.550643925e-03,-4.293426703e-03,+1.555516413e-02,-1.793752519e-03,-1.779372202e-03 },
  {+3.850861622e-03,-1.127377952e-04,-5.596023899e-05,-6.436986510e-05,-5.539606083e-05,-6.221029858e-05,+1.821105353e-06,+2.558141361e-05,-1.493296396e-06,+3.740171826e-05,+8.044960143e-05,+3.699505829e-05,+6.443375815e-06,-2.690733480e-05,+4.446896215e-06,-1.195823537e-05,+2.217301878e-05,+3.596053070e-05,+9.759493855e-05,+5.078058308e-05,+2.687900995e-04,+1.050115081e-05,-5.827162140e-05,+5.965160807e-05,-5.865558959e-05,+9.711260052e-04,+2.299153280e-04,-2.315883872e-03,+3.832374873e-04,-1.841241706e-04,-8.630905811e-04,+5.923929167e-04,-1.922960861e-03,+5.324299368e-03,-1.929002861e-02,+2.224440505e-03,+2.206608435e-03 },
  {+9.338286238e-03,-2.733874419e-04,-1.357041133e-04,-1.560937521e-04,-1.343345749e-04,-1.508571004e-04,+4.414891275e-06,+6.203554209e-05,-3.621597171e-06,+9.070014863e-05,+1.950884992e-04,+8.971136204e-05,+1.562560757e-05,-6.525105363e-05,+1.078321250e-05,-2.899781186e-05,+3.596053070e-05,+9.454765170e-05,+2.366680457e-04,+1.231409361e-04,+6.518124724e-04,+2.546535308e-05,-1.413078888e-04,+1.446536954e-04,-1.422389065e-04,+2.354966715e-03,+5.575402645e-04,-5.615985904e-03,+9.293446615e-04,-4.464991389e-04,-2.092982947e-03,+1.436544617e-03,-4.663153187e-03,+1.291135080e-02,-4.677805398e-02,+5.394237635e-03,+5.350993958e-03 },
  {+2.534381631e-02,-7.419651632e-04,-3.682949156e-04,-4.236366861e-04,-3.645799732e-04,-4.094242101e-04,+1.198361369e-05,+1.683611878e-04,-9.828387192e-06,+2.461553085e-04,+5.294649977e-04,+2.434753861e-04,+4.240671723e-05,-1.770877556e-04,+2.926591896e-05,-7.870017142e-05,+9.759493855e-05,+2.366680457e-04,+6.496514633e-04,+3.342024043e-04,+1.768998371e-03,+6.911188700e-05,-3.835051687e-04,+3.925864610e-04,-3.860320528e-04,+6.391306484e-03,+1.513148480e-03,-1.524161049e-02,+2.522213601e-03,-1.211783901e-03,-5.680289870e-03,+3.898737123e-03,-1.265565213e-02,+3.504100382e-02,-1.269541716e-01,+1.463979177e-02,+1.452243136e-02 },
  {+1.318669298e-02,-3.860532149e-04,-1.916299584e-04,-2.204203441e-04,-1.896952149e-04,-2.130257647e-04,+6.233596737e-06,+8.760159571e-05,-5.114308214e-06,+1.280794930e-04,+2.754861536e-04,+1.266817132e-04,+2.206537748e-05,-9.214235169e-05,+1.522683326e-05,-4.094769423e-05,+5.078058308e-05,+1.231409361e-04,+3.342024043e-04,+1.812319877e-04,+9.204314127e-04,+3.596001316e-05,-1.995423748e-04,+2.042666585e-04,-2.008570163e-04,+3.325473214e-03,+7.873078121e-04,-7.930392943e-03,+1.312336906e-03,-6.305064918e-04,-2.955523526e-03,+2.028559869e-03,-6.584887851e-03,+1.823225440e-02,-6.605578647e-02,+7.617260223e-03,+7.556194709e-03 },
  {+6.980000696e-02,-2.043463484e-03,-1.014333205e-03,-1.166741886e-03,-1.004098090e-03,-1.127599670e-03,+3.300104278e-05,+4.636900843e-04,-2.706957515e-05,+6.779461003e-04,+1.458210371e-03,+6.705583698e-04,+1.167946687e-04,-4.877245708e-04,+8.060078344e-05,-2.167480696e-04,+2.687900995e-04,+6.518124724e-04,+1.768998371e-03,+9.204314127e-04,+4.879385054e-03,+1.903432319e-04,-1.056220731e-03,+1.081230060e-03,-1.063179828e-03,+1.760244799e-02,+4.167395002e-03,-4.197728048e-02,+6.946485946e-03,-3.337404329e-03,-1.564422190e-02,+1.073760453e-02,-3.485523149e-02,+9.650725735e-02,-3.496475048e-01,+4.031979888e-02,+3.999657077e-02 },
  {+2.726980424e-03,-7.983503753e-05,-3.962830595e-05,-4.558310457e-05,-3.922860173e-05,-4.405384596e-05,+1.289449690e-06,+1.811555428e-05,-1.057523139e-06,+2.648615156e-05,+5.697014669e-05,+2.619782969e-05,+4.562933546e-06,-1.905452686e-05,+3.149003566e-06,-8.468104859e-06,+1.050115081e-05,+2.546535308e-05,+6.911188700e-05,+3.596001316e-05,+1.903432319e-04,+1.478049088e-05,-4.126494138e-05,+4.224209211e-05,-4.153683259e-05,+6.877010003e-04,+1.628139410e-04,-1.639988752e-03,+2.713887832e-04,-1.303872614e-04,-6.111960040e-04,+4.195019299e-04,-1.361741077e-03,+3.770392387e-03,-1.366019767e-02,+1.575233383e-03,+1.562605485e-03 },
  {-1.513210064e-02,+4.430070456e-04,+2.198996019e-04,+2.529405594e-04,+2.176806831e-04,+2.444548349e-04,-7.154347998e-06,-1.005244343e-04,+5.868480748e-06,-1.469734876e-04,-3.161286967e-04,-1.453718382e-04,-2.532018808e-05,+1.057349277e-04,-1.747361729e-05,+4.698928878e-05,-5.827162140e-05,-1.413078888e-04,-3.835051687e-04,-1.995423748e-04,-1.056220731e-03,-4.126494138e-05,+2.363245634e-04,-2.344022876e-04,+2.304891466e-04,-3.816074316e-03,-9.034589216e-04,+9.100349121e-03,-1.505944308e-03,+7.235234074e-04,+3.391546085e-03,-2.327829456e-03,+7.556344090e-03,-2.092202554e-02,+7.580086967e-02,-8.741019965e-03,-8.670946595e-03 },
  {+1.549039952e-02,-4.534965377e-04,-2.251068938e-04,-2.589288415e-04,-2.228349021e-04,-2.502422927e-04,+7.323271127e-06,+1.029050246e-04,-6.007576547e-06,+1.504540951e-04,+3.236137599e-04,+1.488135420e-04,+2.591990389e-05,-1.082389512e-04,+1.788718807e-05,-4.810162695e-05,+5.965160807e-05,+1.446536954e-04,+3.925864610e-04,+2.042666585e-04,+1.081230060e-03,+4.224209211e-05,-2.344022876e-04,+2.472963388e-04,-2.359466552e-04,+3.906431414e-03,+9.248506395e-04,-9.315827598e-03,+1.541601801e-03,-7.406552501e-04,-3.471851408e-03,+2.382947943e-03,-7.735263580e-03,+2.141741803e-02,-7.759568806e-02,+8.947990466e-03,+8.876257467e-03 },
  {-1.523180112e-02,+4.459258690e-04,+2.213485237e-04,+2.546069776e-04,+2.191149074e-04,+2.460653585e-04,-7.201414553e-06,-1.011868122e-04,+5.907167373e-06,-1.479419263e-04,-3.182115313e-04,-1.463295944e-04,-2.548703335e-05,+1.064316398e-04,-1.758871959e-05,+4.729884814e-05,-5.865558959e-05,-1.422389065e-04,-3.860320528e-04,-2.008570163e-04,-1.063179828e-03,-4.153683259e-05,+2.304891466e-04,-2.359466552e-04,+2.393518583e-04,-3.841217165e-03,-9.094114754e-04,+9.160308327e-03,-1.515866436e-03,+7.282904914e-04,+3.413891881e-03,-2.343166761e-03,+7.606130366e-03,-2.105987387e-02,+7.630029697e-02,-8.798611708e-03,-8.728076594e-03 },
  {+2.521840428e-01,-7.382934449e-03,-3.664737575e-03,-4.215380418e-03,-3.627757682e-03,-4.073961660e-03,+1.192303423e-04,+1.675290440e-03,-9.780130808e-05,+2.449387356e-03,+5.268442978e-03,+2.422694208e-03,+4.219737636e-04,-1.762125959e-03,+2.912064283e-04,-7.830998052e-04,+9.711260052e-04,+2.354966715e-03,+6.391306484e-03,+3.325473214e-03,+1.760244799e-02,+6.877010003e-04,-3.816074316e-03,+3.906431414e-03,-3.841217165e-03,+6.360413540e-02,+1.505659551e-02,-1.516618799e-01,+2.509731650e-02,-1.205788045e-02,-5.652181571e-02,+3.879444479e-02,-1.259302621e-01,+3.486760432e-01,-1.263259492e+00,+1.456734796e-01,+1.445056714e-01 },
  {+5.970479199e-02,-1.747916075e-03,-8.676306812e-04,-9.979934989e-04,-8.588747350e-04,-9.645126611e-04,+2.822705494e-05,+3.966271122e-04,-2.315479160e-05,+5.798955534e-04,+1.247308037e-03,+5.735742640e-04,+9.990295202e-05,-4.171855862e-04,+6.894307788e-05,-1.853990881e-04,+2.299153280e-04,+5.575402645e-04,+1.513148480e-03,+7.873078121e-04,+4.167395002e-03,+1.628139410e-04,-9.034589216e-04,+9.248506395e-04,-9.094114754e-04,+1.505659551e-02,+3.572005500e-03,-3.590608194e-02,+5.941810951e-03,-2.854714050e-03,-1.338158925e-02,+9.184618592e-03,-2.981409914e-02,+8.254935616e-02,-2.990777867e-01,+3.448832338e-02,+3.421184306e-02 },
  {-6.013936423e-01,+1.760638700e-02,+8.739449769e-03,+1.005259149e-02,+8.651262743e-03,+9.715344291e-03,-2.843338904e-04,-3.995133600e-03,+2.332306778e-04,-5.841154146e-03,-1.256387252e-02,-5.777498703e-03,-1.006298015e-03,+4.202213782e-03,-6.944520694e-04,+1.867490491e-03,-2.315883872e-03,-5.615985904e-03,-1.524161049e-02,-7.930392943e-03,-4.197728048e-02,-1.639988752e-03,+9.100349121e-03,-9.315827598e-03,+9.160308327e-03,-1.516618799e-01,-3.590608194e-02,+3.616816569e-01,-5.985060153e-02,+2.875492247e-02,+1.347898948e-01,-9.251470553e-02,+3.003110673e-01,-8.315020784e-01,+3.012546784e+00,-3.473935286e-01,-3.446086088e-01 },
  {+9.951984459e-02,-2.913540695e-03,-1.446222618e-03,-1.663522139e-03,-1.431628523e-03,-1.607713923e-03,+4.705150055e-05,+6.611233423e-04,-3.859568012e-05,+9.666068466e-04,+2.079094865e-03,+9.560716760e-04,+1.665244960e-04,-6.953914740e-04,+1.149191106e-04,-3.090357509e-04,+3.832374873e-04,+9.293446615e-04,+2.522213601e-03,+1.312336906e-03,+6.946485946e-03,+2.713887832e-04,-1.505944308e-03,+1.541601801e-03,-1.515866436e-03,+2.509731650e-02,+5.941810951e-03,-5.985060153e-02,+9.911543028e-03,-4.758423411e-03,-2.230530638e-02,+1.530952185e-02,-4.969608679e-02,+1.375986564e-01,-4.985223770e-01,+5.748738861e-02,+5.702653382e-02 },
  {-4.781381159e-02,+1.399796146e-03,+6.948296318e-04,+7.992322667e-04,+6.878188240e-04,+7.724193266e-04,-2.260642253e-05,-3.176328171e-04,+1.854287514e-05,-4.644005316e-04,-9.988911317e-04,-4.593405224e-04,-8.000557214e-05,+3.340966774e-04,-5.521258481e-05,+1.484751230e-04,-1.841241706e-04,-4.464991389e-04,-1.211783901e-03,-6.305064918e-04,-3.337404329e-03,-1.303872614e-04,+7.235234074e-04,-7.406552501e-04,+7.282904914e-04,-1.205788045e-02,-2.854714050e-03,+2.875492247e-02,-4.758423411e-03,+2.293504493e-03,+1.071647278e-02,-7.355383225e-03,+2.387623655e-02,-6.610858723e-02,+2.395125821e-01,-2.761952825e-02,-2.739811356e-02 },
  {-2.241292313e-01,+6.561602463e-03,+3.257044705e-03,+3.746431221e-03,+3.224179216e-03,+3.620744836e-03,-1.059667186e-04,-1.488918449e-03,+8.692103998e-05,-2.176898948e-03,-4.682342784e-03,-2.153176225e-03,-3.750301331e-04,+1.566093696e-03,-2.588106360e-04,+6.959822627e-04,-8.630905811e-04,-2.092982947e-03,-5.680289870e-03,-2.955523526e-03,-1.564422190e-02,-6.111960040e-04,+3.391546085e-03,-3.471851408e-03,+3.413891881e-03,-5.652181571e-02,-1.338158925e-02,+1.347898948e-01,-2.230530638e-02,+1.071647278e-02,+5.024125642e-02,-3.447866487e-02,+1.119208518e-01,-3.098867511e-01,+1.122725196e+00,-1.294676881e-01,-1.284297959e-01 },
  {+1.538338603e-01,-4.503636705e-03,-2.235512903e-03,-2.571409021e-03,-2.212955132e-03,-2.485142647e-03,+7.273144029e-05,+1.021937622e-03,-5.965936351e-05,+1.494141566e-03,+3.213783613e-03,+1.477858932e-03,+2.574066004e-04,-1.074907819e-03,+1.776378258e-04,-4.776959326e-04,+5.923929167e-04,+1.436544617e-03,+3.898737123e-03,+2.028559869e-03,+1.073760453e-02,+4.195019299e-04,-2.327829456e-03,+2.382947943e-03,-2.343166761e-03,+3.879444479e-02,+9.184618592e-03,-9.251470553e-02,+1.530952185e-02,-7.355383225e-03,-3.447866487e-02,+2.367220066e-02,-7.681825601e-02,+2.126945907e-01,-7.705962757e-01,+8.886174342e-02,+8.814937319e-02 },
  {-4.993585670e-01,+1.461921039e-02,+7.256676445e-03,+8.347024968e-03,+7.183451682e-03,+8.066996589e-03,-2.360926171e-04,-3.317301719e-03,+1.936597240e-04,-4.850118316e-03,-1.043223100e-02,-4.797263071e-03,-8.355650617e-04,+3.489247759e-03,-5.766283148e-04,+1.550643925e-03,-1.922960861e-03,-4.663153187e-03,-1.265565213e-02,-6.584887851e-03,-3.485523149e-02,-1.361741077e-03,+7.556344090e-03,-7.735263580e-03,+7.606130366e-03,-1.259302621e-01,-2.981409914e-02,+3.003110673e-01,-4.969608679e-02,+2.387623655e-02,+1.119208518e-01,-7.681825601e-02,+2.493663224e-01,-6.904257997e-01,+2.501424922e+00,-2.884532233e-01,-2.861408053e-01 },
  {+1.382625323e+00,-4.047770840e-02,-2.009230549e-02,-2.311126391e-02,-1.988956000e-02,-2.233592070e-02,+6.536933490e-04,+9.184954181e-03,-5.362057089e-04,+1.342902105e-02,+2.888478854e-02,+1.328267423e-02,+2.313514964e-03,-9.661038901e-03,+1.596569822e-03,-4.293426703e-03,+5.324299368e-03,+1.291135080e-02,+3.504100382e-02,+1.823225440e-02,+9.650725735e-02,+3.770392387e-03,-2.092202554e-02,+2.141741803e-02,-2.105987387e-02,+3.486760432e-01,+8.254935616e-02,-8.315020784e-01,+1.375986564e-01,-6.610858723e-02,-3.098867511e-01,+2.126945907e-01,-6.904257997e-01,+1.911660126e+00,-6.925951951e+00,+7.986700489e-01,+7.922674192e-01 },
  {-5.009276074e+00,+1.466514563e-01,+7.279477389e-02,+8.373252850e-02,+7.206022916e-02,+8.092344521e-02,-2.368347789e-03,-3.327724797e-02,+1.942681260e-03,-4.865357542e-02,-1.046501041e-01,-4.812336897e-02,-8.381903754e-03,+3.500211071e-02,-5.784402641e-03,+1.555516413e-02,-1.929002861e-02,-4.677805398e-02,-1.269541716e-01,-6.605578647e-02,-3.496475048e-01,-1.366019767e-02,+7.580086967e-02,-7.759568806e-02,+7.630029697e-02,-1.263259492e+00,-2.990777867e-01,+3.012546784e+00,-4.985223770e-01,+2.395125821e-01,+1.122725196e+00,-7.705962757e-01,+2.501424922e+00,-6.925951951e+00,+2.509285413e+01,-2.893595756e+00,-2.870398919e+00 },
  {+5.776474910e-01,-1.691119525e-02,-8.394370325e-03,-9.655663695e-03,-8.309665900e-03,-9.331732670e-03,+2.731073721e-04,+3.837384576e-03,-2.240213794e-04,+5.610514427e-03,+1.206778568e-02,+5.549373403e-03,+9.665639438e-04,-4.036288092e-03,+6.670316522e-04,-1.793752519e-03,+2.224440505e-03,+5.394237635e-03,+1.463979177e-02,+7.617260223e-03,+4.031979888e-02,+1.575233383e-03,-8.741019965e-03,+8.947990466e-03,-8.798611708e-03,+1.456734796e-01,+3.448832338e-02,-3.473935286e-01,+5.748738861e-02,-2.761952825e-02,-1.294676881e-01,+8.886174342e-02,-2.884532233e-01,+7.986700489e-01,-2.893595756e+00,+3.336839679e-01,+3.310016676e-01 },
  {+5.730167146e-01,-1.677562464e-02,-8.327076798e-03,-9.578256430e-03,-8.243050458e-03,-9.256922416e-03,+2.709171158e-04,+3.806622409e-03,-2.222257414e-04,+5.565538110e-03,+1.197104246e-02,+5.504885473e-03,+9.588157004e-04,-4.003931496e-03,+6.616840106e-04,-1.779372202e-03,+2.206608435e-03,+5.350993958e-03,+1.452243136e-02,+7.556194709e-03,+3.999657077e-02,+1.562605485e-03,-8.670946595e-03,+8.876257467e-03,-8.728076594e-03,+1.445056714e-01,+3.421184306e-02,-3.446086088e-01,+5.702653382e-02,-2.739811356e-02,-1.284297959e-01,+8.814937319e-02,-2.861408053e-01,+7.922674192e-01,-2.870398919e+00,+3.310016676e-01,+3.283554987e-01 }   }
{ {+1.495419304e-11,+0.000000000e+00,+0.000000000e+00,+0.000000000e+00,+0.000000000e+00,+0.000000000e+00 },
  {+0.000000000e+00,+1.495419304e-11,+0.000000000e+00,+0.000000000e+00,+0.000000000e+00,+0.000000000e+00 },
  {+0.000000000e+00,+0.000000000e+00,+3.652662283e+00,+0.000000000e+00,+0.000000000e+00,+0.000000000e+00 },
  {+0.000000000e+00,+0.000000000e+00,+0.000000000e+00,+1.495419304e-11,+0.000000000e+00,+0.000000000e+00 },
  {+0.000000000e+00,+0.000000000e+00,+0.000000000e+00,+0.000000000e+00,+1.495419304e-11,+0.000000000e+00 },
  {+0.000000000e+00,+0.000000000e+00,+0.000000000e+00,+0.000000000e+00,+0.000000000e+00,+1.495419304e-11 }   }
{ {+3.340774866e+00,+1.020698742e+00,+1.225252653e+00,-1.796411805e-01,+5.879769258e-01,-5.360597355e-06 },
  {+1.020698742e+00,+3.118874175e-01,+3.742341652e-01,-5.489163601e-02,+1.796431459e-01,-1.638019845e-06 },
  {+1.225252653e+00,+3.742341652e-01,+4.521287160e-01,-6.586455396e-02,+2.156446834e-01,-1.965423798e-06 },
  {-1.796411805e-01,-5.489163601e-02,-6.586455396e-02,+9.660831251e-03,-3.161687720e-02,+2.882886070e-07 },
  {+5.879769258e-01,+1.796431459e-01,+2.156446834e-01,-3.161687720e-02,+1.034840357e-01,-9.434660129e-07 },
  {-5.360597355e-06,-1.638019845e-06,-1.965423798e-06,+2.882886070e-07,-9.434660129e-07,+2.649689799e-11 }   }
{ {+1.613643188e+00,-1.813894514e+00,-6.619784096e-01,-2.045470289e-01,-3.445938132e-01,+4.456208906e-01 },
  {-1.813894514e+00,+2.039019095e+00,+7.441279507e-01,+2.299330208e-01,+3.873567237e-01,-5.009274694e-01 },
  {-6.619784096e-01,+7.441279507e-01,+2.715963327e-01,+8.391348403e-02,+1.413728690e-01,-1.828105512e-01 },
  {-2.045470289e-01,+2.299330208e-01,+8.391348403e-02,+2.592975465e-02,+4.368106446e-02,-5.648782071e-02 },
  {-3.445938132e-01,+3.873567237e-01,+1.413728690e-01,+4.368106446e-02,+7.359100591e-02,-9.516223450e-02 },
  {+4.456208906e-01,-5.009274694e-01,-1.828105512e-01,-5.648782071e-02,-9.516223450e-02,+1.230643183e-01 }   }
{ {+2.995602056e+00,-1.402896559e+00,-8.169641275e+00,-6.058294892e-01,+5.114822486e-01,-3.099357534e-01 },
  {-1.402896559e+00,+6.570602268e-01,+3.825964079e+00,+2.836486075e-01,-2.395450687e-01,+1.451280854e-01 },
  {-8.169641275e+00,+3.825964079e+00,+2.228079720e+01,+1.652373316e+00,-1.394762791e+00,+8.452690568e-01 },
  {-6.058294892e-01,+2.836486075e-01,+1.652373316e+00,+1.244126052e-01,-1.034141719e-01,+6.269750408e-02 },
  {+5.114822486e-01,-2.395450687e-01,-1.394762791e+00,-1.034141719e-01,+8.920336980e-02,-5.292714241e-02 },
  {-3.099357534e-01,+1.451280854e-01,+8.452690568e-01,+6.269750408e-02,-5.292714241e-02,+3.388109580e-02 }   }
{ {+2.447712438e+01,+4.422963913e+00,-6.583119156e+01,+1.235171463e+00,+1.192943150e+00,+5.394066088e-01 },
  {+4.422963913e+00,+7.992748733e-01,-1.189559388e+01,+2.231899055e-01,+2.155621168e-01,+9.746919327e-02 },
  {-6.583119156e+01,-1.189559388e+01,+1.770532691e+02,-3.321997917e+00,-3.208415812e+00,-1.450732992e+00 },
  {+1.235171463e+00,+2.231899055e-01,-3.321997917e+00,+6.233096091e-02,+6.019855025e-02,+2.721970523e-02 },
  {+1.192943150e+00,+2.155621168e-01,-3.208415812e+00,+6.019855025e-02,+5.814158152e-02,+2.628908588e-02 },
  {+5.394066088e-01,+9.746919327e-02,-1.450732992e+00,+2.721970523e-02,+2.628908588e-02,+1.188805268e-02 }   }
{ {+2.796057348e+01,+6.966415719e+01,-2.642198801e+02,-4.616600981e+00,+3.177022198e+00,+3.491098133e-01 },
  {+6.966415719e+01,+1.735698200e+02,-6.583092856e+02,-1.150236947e+01,+7.915598295e+00,+8.698130921e-01 },
  {-2.642198801e+02,-6.583092856e+02,+2.496812845e+03,+4.362575687e+01,-3.002201479e+01,-3.298996958e+00 },
  {-4.616600981e+00,-1.150236947e+01,+4.362575687e+01,+7.622591918e-01,-5.245619025e-01,-5.764201048e-02 },
  {+3.177022198e+00,+7.915598295e+00,-3.002201479e+01,-5.245619025e-01,+3.609933438e-01,+3.966762243e-02 },
  {+3.491098133e-01,+8.698130921e-01,-3.298996958e+00,-5.764201048e-02,+3.966762243e-02,+4.362876666e-03 }   }
}
    main loop time = 0.050799
        total time = 0.053008
  file  check time = 0.000000
  file change time = 0.000001
  file   read time = 0.002208
SDPA end at [Fri Oct 19 18:55:29 2018]
ALL TIME = 0.054685
